<?xml version="1.0" encoding="UTF-8"?>
<!-- Generated by org.testng.reporters.JUnitXMLReporter -->
<testsuite ignored="0" hostname="SIPl-DT-PS" failures="13" tests="18" name="Surefire test" time="382.483" errors="0" timestamp="2023-11-23T14:35:53 IST">
  <testcase classname="Softude.Hyperlocology.Tests.AttachCollateralTest" name="attachCollateral" time="19.243">
    <failure type="org.openqa.selenium.ElementClickInterceptedException" message="Element &amp;lt;li class=&amp;quot;nav-item&amp;quot;&amp;gt; is not clickable at point (520,182) because another element &amp;lt;div id=&amp;quot;rpLoader&amp;quot;&amp;gt; obscures it
Build info: version: &amp;apos;4.12.0&amp;apos;, revision: &amp;apos;249f2a7d1b*&amp;apos;
System info: os.name: &amp;apos;Windows 10&amp;apos;, os.arch: &amp;apos;amd64&amp;apos;, os.version: &amp;apos;10.0&amp;apos;, java.version: &amp;apos;19.0.1&amp;apos;
Driver info: org.openqa.selenium.firefox.FirefoxDriver
Command: [a8578e16-5d18-4e11-a982-8d43fffbeee2, clickElement {id=780f87ae-7977-4398-8e11-44e4f16792bd}]
Capabilities {acceptInsecureCerts: true, browserName: firefox, browserVersion: 119.0.1, moz:accessibilityChecks: false, moz:buildID: 20231106151204, moz:debuggerAddress: 127.0.0.1:11359, moz:geckodriverVersion: 0.33.0, moz:headless: false, moz:platformVersion: 10.0, moz:processID: 9144, moz:profile: C:\Users\Sipl\AppData\Local..., moz:shutdownTimeout: 60000, moz:webdriverClick: true, moz:windowless: false, pageLoadStrategy: normal, platformName: windows, proxy: Proxy(), se:cdp: ws://127.0.0.1:11359/devtoo..., se:cdpVersion: 85.0, setWindowRect: true, strictFileInteractability: false, timeouts: {implicit: 0, pageLoad: 300000, script: 30000}, unhandledPromptBehavior: dismiss and notify}
Element: [[FirefoxDriver: firefox on windows (a8578e16-5d18-4e11-a982-8d43fffbeee2)] -&amp;gt; css selector: .nav-tabs li:nth-child(2)]
Session ID: a8578e16-5d18-4e11-a982-8d43fffbeee2">
      <![CDATA[org.openqa.selenium.ElementClickInterceptedException: Element <li class="nav-item"> is not clickable at point (520,182) because another element <div id="rpLoader"> obscures it
Build info: version: '4.12.0', revision: '249f2a7d1b*'
System info: os.name: 'Windows 10', os.arch: 'amd64', os.version: '10.0', java.version: '19.0.1'
Driver info: org.openqa.selenium.firefox.FirefoxDriver
Command: [a8578e16-5d18-4e11-a982-8d43fffbeee2, clickElement {id=780f87ae-7977-4398-8e11-44e4f16792bd}]
Capabilities {acceptInsecureCerts: true, browserName: firefox, browserVersion: 119.0.1, moz:accessibilityChecks: false, moz:buildID: 20231106151204, moz:debuggerAddress: 127.0.0.1:11359, moz:geckodriverVersion: 0.33.0, moz:headless: false, moz:platformVersion: 10.0, moz:processID: 9144, moz:profile: C:\Users\Sipl\AppData\Local..., moz:shutdownTimeout: 60000, moz:webdriverClick: true, moz:windowless: false, pageLoadStrategy: normal, platformName: windows, proxy: Proxy(), se:cdp: ws://127.0.0.1:11359/devtoo..., se:cdpVersion: 85.0, setWindowRect: true, strictFileInteractability: false, timeouts: {implicit: 0, pageLoad: 300000, script: 30000}, unhandledPromptBehavior: dismiss and notify}
Element: [[FirefoxDriver: firefox on windows (a8578e16-5d18-4e11-a982-8d43fffbeee2)] -> css selector: .nav-tabs li:nth-child(2)]
Session ID: a8578e16-5d18-4e11-a982-8d43fffbeee2
at org.openqa.selenium.remote.codec.w3c.W3CHttpResponseCodec.createException(W3CHttpResponseCodec.java:200)
at org.openqa.selenium.remote.codec.w3c.W3CHttpResponseCodec.decode(W3CHttpResponseCodec.java:133)
at org.openqa.selenium.remote.codec.w3c.W3CHttpResponseCodec.decode(W3CHttpResponseCodec.java:52)
at org.openqa.selenium.remote.HttpCommandExecutor.execute(HttpCommandExecutor.java:191)
at org.openqa.selenium.remote.service.DriverCommandExecutor.invokeExecute(DriverCommandExecutor.java:196)
at org.openqa.selenium.remote.service.DriverCommandExecutor.execute(DriverCommandExecutor.java:171)
at org.openqa.selenium.remote.RemoteWebDriver.execute(RemoteWebDriver.java:602)
at org.openqa.selenium.remote.RemoteWebElement.execute(RemoteWebElement.java:224)
at org.openqa.selenium.remote.RemoteWebElement.click(RemoteWebElement.java:77)
at org.openqa.selenium.support.pagefactory.internal.LocatingElementHandler.invoke(LocatingElementHandler.java:51)
at jdk.proxy2/jdk.proxy2.$Proxy13.click(Unknown Source)
at Softude.Hyperlocology.pageobjects.AttachCollateral.attachCollateral(AttachCollateral.java:59)
at Softude.Hyperlocology.Tests.AttachCollateralTest.attachCollateral(AttachCollateralTest.java:21)
at java.base/java.util.ArrayList.forEach(ArrayList.java:1511)
... Removed 35 stack frames]]>
    </failure>
  </testcase> <!-- attachCollateral -->
  <testcase classname="Softude.Hyperlocology.Tests.BrandsTest" name="addNewBrand" time="7.295">
    <failure type="org.openqa.selenium.ElementClickInterceptedException" message="Element &amp;lt;a class=&amp;quot;btn btn-primary  px-3&amp;quot; href=&amp;quot;brand/basic-information&amp;quot;&amp;gt; is not clickable at point (1520,116) because another element &amp;lt;div id=&amp;quot;rpLoader&amp;quot;&amp;gt; obscures it
Build info: version: &amp;apos;4.12.0&amp;apos;, revision: &amp;apos;249f2a7d1b*&amp;apos;
System info: os.name: &amp;apos;Windows 10&amp;apos;, os.arch: &amp;apos;amd64&amp;apos;, os.version: &amp;apos;10.0&amp;apos;, java.version: &amp;apos;19.0.1&amp;apos;
Driver info: org.openqa.selenium.firefox.FirefoxDriver
Command: [40f8256f-a68c-47ac-9485-8334220c4ba4, clickElement {id=fdf2d428-0300-4b59-a9d1-1db4ca8c13cd}]
Capabilities {acceptInsecureCerts: true, browserName: firefox, browserVersion: 119.0.1, moz:accessibilityChecks: false, moz:buildID: 20231106151204, moz:debuggerAddress: 127.0.0.1:8619, moz:geckodriverVersion: 0.33.0, moz:headless: false, moz:platformVersion: 10.0, moz:processID: 20544, moz:profile: C:\Users\Sipl\AppData\Local..., moz:shutdownTimeout: 60000, moz:webdriverClick: true, moz:windowless: false, pageLoadStrategy: normal, platformName: windows, proxy: Proxy(), se:cdp: ws://127.0.0.1:8619/devtool..., se:cdpVersion: 85.0, setWindowRect: true, strictFileInteractability: false, timeouts: {implicit: 0, pageLoad: 300000, script: 30000}, unhandledPromptBehavior: dismiss and notify}
Element: [[FirefoxDriver: firefox on windows (40f8256f-a68c-47ac-9485-8334220c4ba4)] -&amp;gt; css selector: a[href$=&amp;apos;brand/basic-information&amp;apos;]]
Session ID: 40f8256f-a68c-47ac-9485-8334220c4ba4">
      <![CDATA[org.openqa.selenium.ElementClickInterceptedException: Element <a class="btn btn-primary  px-3" href="brand/basic-information"> is not clickable at point (1520,116) because another element <div id="rpLoader"> obscures it
Build info: version: '4.12.0', revision: '249f2a7d1b*'
System info: os.name: 'Windows 10', os.arch: 'amd64', os.version: '10.0', java.version: '19.0.1'
Driver info: org.openqa.selenium.firefox.FirefoxDriver
Command: [40f8256f-a68c-47ac-9485-8334220c4ba4, clickElement {id=fdf2d428-0300-4b59-a9d1-1db4ca8c13cd}]
Capabilities {acceptInsecureCerts: true, browserName: firefox, browserVersion: 119.0.1, moz:accessibilityChecks: false, moz:buildID: 20231106151204, moz:debuggerAddress: 127.0.0.1:8619, moz:geckodriverVersion: 0.33.0, moz:headless: false, moz:platformVersion: 10.0, moz:processID: 20544, moz:profile: C:\Users\Sipl\AppData\Local..., moz:shutdownTimeout: 60000, moz:webdriverClick: true, moz:windowless: false, pageLoadStrategy: normal, platformName: windows, proxy: Proxy(), se:cdp: ws://127.0.0.1:8619/devtool..., se:cdpVersion: 85.0, setWindowRect: true, strictFileInteractability: false, timeouts: {implicit: 0, pageLoad: 300000, script: 30000}, unhandledPromptBehavior: dismiss and notify}
Element: [[FirefoxDriver: firefox on windows (40f8256f-a68c-47ac-9485-8334220c4ba4)] -> css selector: a[href$='brand/basic-information']]
Session ID: 40f8256f-a68c-47ac-9485-8334220c4ba4
at org.openqa.selenium.remote.codec.w3c.W3CHttpResponseCodec.createException(W3CHttpResponseCodec.java:200)
at org.openqa.selenium.remote.codec.w3c.W3CHttpResponseCodec.decode(W3CHttpResponseCodec.java:133)
at org.openqa.selenium.remote.codec.w3c.W3CHttpResponseCodec.decode(W3CHttpResponseCodec.java:52)
at org.openqa.selenium.remote.HttpCommandExecutor.execute(HttpCommandExecutor.java:191)
at org.openqa.selenium.remote.service.DriverCommandExecutor.invokeExecute(DriverCommandExecutor.java:196)
at org.openqa.selenium.remote.service.DriverCommandExecutor.execute(DriverCommandExecutor.java:171)
at org.openqa.selenium.remote.RemoteWebDriver.execute(RemoteWebDriver.java:602)
at org.openqa.selenium.remote.RemoteWebElement.execute(RemoteWebElement.java:224)
at org.openqa.selenium.remote.RemoteWebElement.click(RemoteWebElement.java:77)
at org.openqa.selenium.support.pagefactory.internal.LocatingElementHandler.invoke(LocatingElementHandler.java:51)
at jdk.proxy2/jdk.proxy2.$Proxy13.click(Unknown Source)
at Softude.Hyperlocology.pageobjects.Brands.fillBrandsDetails(Brands.java:98)
at Softude.Hyperlocology.Tests.BrandsTest.addNewBrand(BrandsTest.java:15)
at java.base/java.util.ArrayList.forEach(ArrayList.java:1511)
... Removed 35 stack frames]]>
    </failure>
  </testcase> <!-- addNewBrand -->
  <testcase classname="Softude.Hyperlocology.Tests.EditBrandPageTest" name="addLocation" time="14.963">
    <failure type="org.openqa.selenium.ElementClickInterceptedException" message="Element &amp;lt;a class=&amp;quot;nav-link&amp;quot; href=&amp;quot;/brand/participant-mass-upload/49&amp;quot;&amp;gt; is not clickable at point (650,256) because another element &amp;lt;div id=&amp;quot;rpLoader&amp;quot;&amp;gt; obscures it
Build info: version: &amp;apos;4.12.0&amp;apos;, revision: &amp;apos;249f2a7d1b*&amp;apos;
System info: os.name: &amp;apos;Windows 10&amp;apos;, os.arch: &amp;apos;amd64&amp;apos;, os.version: &amp;apos;10.0&amp;apos;, java.version: &amp;apos;19.0.1&amp;apos;
Driver info: org.openqa.selenium.firefox.FirefoxDriver
Command: [78becb8c-e931-4d93-8b51-783e321007d0, clickElement {id=b8a05133-2bb7-4bdd-910e-f7a5b11348cc}]
Capabilities {acceptInsecureCerts: true, browserName: firefox, browserVersion: 119.0.1, moz:accessibilityChecks: false, moz:buildID: 20231106151204, moz:debuggerAddress: 127.0.0.1:14244, moz:geckodriverVersion: 0.33.0, moz:headless: false, moz:platformVersion: 10.0, moz:processID: 6896, moz:profile: C:\Users\Sipl\AppData\Local..., moz:shutdownTimeout: 60000, moz:webdriverClick: true, moz:windowless: false, pageLoadStrategy: normal, platformName: windows, proxy: Proxy(), se:cdp: ws://127.0.0.1:14244/devtoo..., se:cdpVersion: 85.0, setWindowRect: true, strictFileInteractability: false, timeouts: {implicit: 0, pageLoad: 300000, script: 30000}, unhandledPromptBehavior: dismiss and notify}
Element: [[FirefoxDriver: firefox on windows (78becb8c-e931-4d93-8b51-783e321007d0)] -&amp;gt; css selector: a[href*=&amp;apos;participant-mass-upload&amp;apos;]]
Session ID: 78becb8c-e931-4d93-8b51-783e321007d0">
      <![CDATA[org.openqa.selenium.ElementClickInterceptedException: Element <a class="nav-link" href="/brand/participant-mass-upload/49"> is not clickable at point (650,256) because another element <div id="rpLoader"> obscures it
Build info: version: '4.12.0', revision: '249f2a7d1b*'
System info: os.name: 'Windows 10', os.arch: 'amd64', os.version: '10.0', java.version: '19.0.1'
Driver info: org.openqa.selenium.firefox.FirefoxDriver
Command: [78becb8c-e931-4d93-8b51-783e321007d0, clickElement {id=b8a05133-2bb7-4bdd-910e-f7a5b11348cc}]
Capabilities {acceptInsecureCerts: true, browserName: firefox, browserVersion: 119.0.1, moz:accessibilityChecks: false, moz:buildID: 20231106151204, moz:debuggerAddress: 127.0.0.1:14244, moz:geckodriverVersion: 0.33.0, moz:headless: false, moz:platformVersion: 10.0, moz:processID: 6896, moz:profile: C:\Users\Sipl\AppData\Local..., moz:shutdownTimeout: 60000, moz:webdriverClick: true, moz:windowless: false, pageLoadStrategy: normal, platformName: windows, proxy: Proxy(), se:cdp: ws://127.0.0.1:14244/devtoo..., se:cdpVersion: 85.0, setWindowRect: true, strictFileInteractability: false, timeouts: {implicit: 0, pageLoad: 300000, script: 30000}, unhandledPromptBehavior: dismiss and notify}
Element: [[FirefoxDriver: firefox on windows (78becb8c-e931-4d93-8b51-783e321007d0)] -> css selector: a[href*='participant-mass-upload']]
Session ID: 78becb8c-e931-4d93-8b51-783e321007d0
at org.openqa.selenium.remote.codec.w3c.W3CHttpResponseCodec.createException(W3CHttpResponseCodec.java:200)
at org.openqa.selenium.remote.codec.w3c.W3CHttpResponseCodec.decode(W3CHttpResponseCodec.java:133)
at org.openqa.selenium.remote.codec.w3c.W3CHttpResponseCodec.decode(W3CHttpResponseCodec.java:52)
at org.openqa.selenium.remote.HttpCommandExecutor.execute(HttpCommandExecutor.java:191)
at org.openqa.selenium.remote.service.DriverCommandExecutor.invokeExecute(DriverCommandExecutor.java:196)
at org.openqa.selenium.remote.service.DriverCommandExecutor.execute(DriverCommandExecutor.java:171)
at org.openqa.selenium.remote.RemoteWebDriver.execute(RemoteWebDriver.java:602)
at org.openqa.selenium.remote.RemoteWebElement.execute(RemoteWebElement.java:224)
at org.openqa.selenium.remote.RemoteWebElement.click(RemoteWebElement.java:77)
at org.openqa.selenium.support.pagefactory.internal.LocatingElementHandler.invoke(LocatingElementHandler.java:51)
at jdk.proxy2/jdk.proxy2.$Proxy13.click(Unknown Source)
at Softude.Hyperlocology.pageobjects.EditBrandPage.addLocation(EditBrandPage.java:107)
at Softude.Hyperlocology.Tests.EditBrandPageTest.addLocation(EditBrandPageTest.java:38)
at java.base/java.util.ArrayList.forEach(ArrayList.java:1511)
... Removed 35 stack frames]]>
    </failure>
  </testcase> <!-- addLocation -->
  <testcase classname="Softude.Hyperlocology.Tests.EditBrandPageTest" name="addSubscription" time="15.102">
    <failure type="org.openqa.selenium.ElementClickInterceptedException" message="Element &amp;lt;a class=&amp;quot;nav-link&amp;quot; href=&amp;quot;/brand/subscription-mass-upload/49&amp;quot;&amp;gt; is not clickable at point (770,256) because another element &amp;lt;div id=&amp;quot;rpLoader&amp;quot;&amp;gt; obscures it
Build info: version: &amp;apos;4.12.0&amp;apos;, revision: &amp;apos;249f2a7d1b*&amp;apos;
System info: os.name: &amp;apos;Windows 10&amp;apos;, os.arch: &amp;apos;amd64&amp;apos;, os.version: &amp;apos;10.0&amp;apos;, java.version: &amp;apos;19.0.1&amp;apos;
Driver info: org.openqa.selenium.firefox.FirefoxDriver
Command: [fc48e596-2aa6-4e77-8131-f6059b12d3e8, clickElement {id=0613bdc8-d698-4aa4-8f49-19f4dffba019}]
Capabilities {acceptInsecureCerts: true, browserName: firefox, browserVersion: 119.0.1, moz:accessibilityChecks: false, moz:buildID: 20231106151204, moz:debuggerAddress: 127.0.0.1:47537, moz:geckodriverVersion: 0.33.0, moz:headless: false, moz:platformVersion: 10.0, moz:processID: 9880, moz:profile: C:\Users\Sipl\AppData\Local..., moz:shutdownTimeout: 60000, moz:webdriverClick: true, moz:windowless: false, pageLoadStrategy: normal, platformName: windows, proxy: Proxy(), se:cdp: ws://127.0.0.1:47537/devtoo..., se:cdpVersion: 85.0, setWindowRect: true, strictFileInteractability: false, timeouts: {implicit: 0, pageLoad: 300000, script: 30000}, unhandledPromptBehavior: dismiss and notify}
Element: [[FirefoxDriver: firefox on windows (fc48e596-2aa6-4e77-8131-f6059b12d3e8)] -&amp;gt; css selector: a[href*=&amp;apos;subscription-mass-upload&amp;apos;]]
Session ID: fc48e596-2aa6-4e77-8131-f6059b12d3e8">
      <![CDATA[org.openqa.selenium.ElementClickInterceptedException: Element <a class="nav-link" href="/brand/subscription-mass-upload/49"> is not clickable at point (770,256) because another element <div id="rpLoader"> obscures it
Build info: version: '4.12.0', revision: '249f2a7d1b*'
System info: os.name: 'Windows 10', os.arch: 'amd64', os.version: '10.0', java.version: '19.0.1'
Driver info: org.openqa.selenium.firefox.FirefoxDriver
Command: [fc48e596-2aa6-4e77-8131-f6059b12d3e8, clickElement {id=0613bdc8-d698-4aa4-8f49-19f4dffba019}]
Capabilities {acceptInsecureCerts: true, browserName: firefox, browserVersion: 119.0.1, moz:accessibilityChecks: false, moz:buildID: 20231106151204, moz:debuggerAddress: 127.0.0.1:47537, moz:geckodriverVersion: 0.33.0, moz:headless: false, moz:platformVersion: 10.0, moz:processID: 9880, moz:profile: C:\Users\Sipl\AppData\Local..., moz:shutdownTimeout: 60000, moz:webdriverClick: true, moz:windowless: false, pageLoadStrategy: normal, platformName: windows, proxy: Proxy(), se:cdp: ws://127.0.0.1:47537/devtoo..., se:cdpVersion: 85.0, setWindowRect: true, strictFileInteractability: false, timeouts: {implicit: 0, pageLoad: 300000, script: 30000}, unhandledPromptBehavior: dismiss and notify}
Element: [[FirefoxDriver: firefox on windows (fc48e596-2aa6-4e77-8131-f6059b12d3e8)] -> css selector: a[href*='subscription-mass-upload']]
Session ID: fc48e596-2aa6-4e77-8131-f6059b12d3e8
at org.openqa.selenium.remote.codec.w3c.W3CHttpResponseCodec.createException(W3CHttpResponseCodec.java:200)
at org.openqa.selenium.remote.codec.w3c.W3CHttpResponseCodec.decode(W3CHttpResponseCodec.java:133)
at org.openqa.selenium.remote.codec.w3c.W3CHttpResponseCodec.decode(W3CHttpResponseCodec.java:52)
at org.openqa.selenium.remote.HttpCommandExecutor.execute(HttpCommandExecutor.java:191)
at org.openqa.selenium.remote.service.DriverCommandExecutor.invokeExecute(DriverCommandExecutor.java:196)
at org.openqa.selenium.remote.service.DriverCommandExecutor.execute(DriverCommandExecutor.java:171)
at org.openqa.selenium.remote.RemoteWebDriver.execute(RemoteWebDriver.java:602)
at org.openqa.selenium.remote.RemoteWebElement.execute(RemoteWebElement.java:224)
at org.openqa.selenium.remote.RemoteWebElement.click(RemoteWebElement.java:77)
at org.openqa.selenium.support.pagefactory.internal.LocatingElementHandler.invoke(LocatingElementHandler.java:51)
at jdk.proxy2/jdk.proxy2.$Proxy13.click(Unknown Source)
at Softude.Hyperlocology.pageobjects.EditBrandPage.goToSubscriptionPage(EditBrandPage.java:115)
at Softude.Hyperlocology.Tests.EditBrandPageTest.addSubscription(EditBrandPageTest.java:45)
at java.base/java.util.ArrayList.forEach(ArrayList.java:1511)
... Removed 35 stack frames]]>
    </failure>
  </testcase> <!-- addSubscription -->
  <testcase classname="Softude.Hyperlocology.Tests.EditBrandPageTest" name="attachCollateral" time="14.793">
    <failure type="org.openqa.selenium.ElementClickInterceptedException" message="Element &amp;lt;li class=&amp;quot;nav-item&amp;quot;&amp;gt; is not clickable at point (520,256) because another element &amp;lt;div id=&amp;quot;rpLoader&amp;quot;&amp;gt; obscures it
Build info: version: &amp;apos;4.12.0&amp;apos;, revision: &amp;apos;249f2a7d1b*&amp;apos;
System info: os.name: &amp;apos;Windows 10&amp;apos;, os.arch: &amp;apos;amd64&amp;apos;, os.version: &amp;apos;10.0&amp;apos;, java.version: &amp;apos;19.0.1&amp;apos;
Driver info: org.openqa.selenium.firefox.FirefoxDriver
Command: [eff4bd2d-1e24-4974-a159-07590fabda0f, clickElement {id=2d4e79d3-3401-4cb5-bb31-e9c9104304c0}]
Capabilities {acceptInsecureCerts: true, browserName: firefox, browserVersion: 119.0.1, moz:accessibilityChecks: false, moz:buildID: 20231106151204, moz:debuggerAddress: 127.0.0.1:41421, moz:geckodriverVersion: 0.33.0, moz:headless: false, moz:platformVersion: 10.0, moz:processID: 2852, moz:profile: C:\Users\Sipl\AppData\Local..., moz:shutdownTimeout: 60000, moz:webdriverClick: true, moz:windowless: false, pageLoadStrategy: normal, platformName: windows, proxy: Proxy(), se:cdp: ws://127.0.0.1:41421/devtoo..., se:cdpVersion: 85.0, setWindowRect: true, strictFileInteractability: false, timeouts: {implicit: 0, pageLoad: 300000, script: 30000}, unhandledPromptBehavior: dismiss and notify}
Element: [[FirefoxDriver: firefox on windows (eff4bd2d-1e24-4974-a159-07590fabda0f)] -&amp;gt; css selector: .nav-tabs li:nth-child(2)]
Session ID: eff4bd2d-1e24-4974-a159-07590fabda0f">
      <![CDATA[org.openqa.selenium.ElementClickInterceptedException: Element <li class="nav-item"> is not clickable at point (520,256) because another element <div id="rpLoader"> obscures it
Build info: version: '4.12.0', revision: '249f2a7d1b*'
System info: os.name: 'Windows 10', os.arch: 'amd64', os.version: '10.0', java.version: '19.0.1'
Driver info: org.openqa.selenium.firefox.FirefoxDriver
Command: [eff4bd2d-1e24-4974-a159-07590fabda0f, clickElement {id=2d4e79d3-3401-4cb5-bb31-e9c9104304c0}]
Capabilities {acceptInsecureCerts: true, browserName: firefox, browserVersion: 119.0.1, moz:accessibilityChecks: false, moz:buildID: 20231106151204, moz:debuggerAddress: 127.0.0.1:41421, moz:geckodriverVersion: 0.33.0, moz:headless: false, moz:platformVersion: 10.0, moz:processID: 2852, moz:profile: C:\Users\Sipl\AppData\Local..., moz:shutdownTimeout: 60000, moz:webdriverClick: true, moz:windowless: false, pageLoadStrategy: normal, platformName: windows, proxy: Proxy(), se:cdp: ws://127.0.0.1:41421/devtoo..., se:cdpVersion: 85.0, setWindowRect: true, strictFileInteractability: false, timeouts: {implicit: 0, pageLoad: 300000, script: 30000}, unhandledPromptBehavior: dismiss and notify}
Element: [[FirefoxDriver: firefox on windows (eff4bd2d-1e24-4974-a159-07590fabda0f)] -> css selector: .nav-tabs li:nth-child(2)]
Session ID: eff4bd2d-1e24-4974-a159-07590fabda0f
at org.openqa.selenium.remote.codec.w3c.W3CHttpResponseCodec.createException(W3CHttpResponseCodec.java:200)
at org.openqa.selenium.remote.codec.w3c.W3CHttpResponseCodec.decode(W3CHttpResponseCodec.java:133)
at org.openqa.selenium.remote.codec.w3c.W3CHttpResponseCodec.decode(W3CHttpResponseCodec.java:52)
at org.openqa.selenium.remote.HttpCommandExecutor.execute(HttpCommandExecutor.java:191)
at org.openqa.selenium.remote.service.DriverCommandExecutor.invokeExecute(DriverCommandExecutor.java:196)
at org.openqa.selenium.remote.service.DriverCommandExecutor.execute(DriverCommandExecutor.java:171)
at org.openqa.selenium.remote.RemoteWebDriver.execute(RemoteWebDriver.java:602)
at org.openqa.selenium.remote.RemoteWebElement.execute(RemoteWebElement.java:224)
at org.openqa.selenium.remote.RemoteWebElement.click(RemoteWebElement.java:77)
at org.openqa.selenium.support.pagefactory.internal.LocatingElementHandler.invoke(LocatingElementHandler.java:51)
at jdk.proxy2/jdk.proxy2.$Proxy13.click(Unknown Source)
at Softude.Hyperlocology.pageobjects.EditBrandPage.attachCollateral(EditBrandPage.java:94)
at Softude.Hyperlocology.Tests.EditBrandPageTest.attachCollateral(EditBrandPageTest.java:29)
at java.base/java.util.ArrayList.forEach(ArrayList.java:1511)
... Removed 35 stack frames]]>
    </failure>
  </testcase> <!-- attachCollateral -->
  <testcase classname="Softude.Hyperlocology.Tests.EditBrandPageTest" name="editBasicInformation" time="16.601"/>
  <testcase classname="Softude.Hyperlocology.Tests.LocationPageTest" name="addLocation" time="17.979">
    <failure type="org.openqa.selenium.ElementClickInterceptedException" message="Element &amp;lt;a class=&amp;quot;nav-link&amp;quot; href=&amp;quot;/brand/participant-mass-upload/49&amp;quot;&amp;gt; is not clickable at point (650,182) because another element &amp;lt;div id=&amp;quot;rpLoader&amp;quot;&amp;gt; obscures it
Build info: version: &amp;apos;4.12.0&amp;apos;, revision: &amp;apos;249f2a7d1b*&amp;apos;
System info: os.name: &amp;apos;Windows 10&amp;apos;, os.arch: &amp;apos;amd64&amp;apos;, os.version: &amp;apos;10.0&amp;apos;, java.version: &amp;apos;19.0.1&amp;apos;
Driver info: org.openqa.selenium.firefox.FirefoxDriver
Command: [a38106e7-562a-45cf-bcf4-dcb2a3dd2a70, clickElement {id=feaa585a-7003-4ed9-8f45-3a99d093baf0}]
Capabilities {acceptInsecureCerts: true, browserName: firefox, browserVersion: 119.0.1, moz:accessibilityChecks: false, moz:buildID: 20231106151204, moz:debuggerAddress: 127.0.0.1:7422, moz:geckodriverVersion: 0.33.0, moz:headless: false, moz:platformVersion: 10.0, moz:processID: 11864, moz:profile: C:\Users\Sipl\AppData\Local..., moz:shutdownTimeout: 60000, moz:webdriverClick: true, moz:windowless: false, pageLoadStrategy: normal, platformName: windows, proxy: Proxy(), se:cdp: ws://127.0.0.1:7422/devtool..., se:cdpVersion: 85.0, setWindowRect: true, strictFileInteractability: false, timeouts: {implicit: 0, pageLoad: 300000, script: 30000}, unhandledPromptBehavior: dismiss and notify}
Element: [[FirefoxDriver: firefox on windows (a38106e7-562a-45cf-bcf4-dcb2a3dd2a70)] -&amp;gt; css selector: a[href*=&amp;apos;participant-mass-upload&amp;apos;]]
Session ID: a38106e7-562a-45cf-bcf4-dcb2a3dd2a70">
      <![CDATA[org.openqa.selenium.ElementClickInterceptedException: Element <a class="nav-link" href="/brand/participant-mass-upload/49"> is not clickable at point (650,182) because another element <div id="rpLoader"> obscures it
Build info: version: '4.12.0', revision: '249f2a7d1b*'
System info: os.name: 'Windows 10', os.arch: 'amd64', os.version: '10.0', java.version: '19.0.1'
Driver info: org.openqa.selenium.firefox.FirefoxDriver
Command: [a38106e7-562a-45cf-bcf4-dcb2a3dd2a70, clickElement {id=feaa585a-7003-4ed9-8f45-3a99d093baf0}]
Capabilities {acceptInsecureCerts: true, browserName: firefox, browserVersion: 119.0.1, moz:accessibilityChecks: false, moz:buildID: 20231106151204, moz:debuggerAddress: 127.0.0.1:7422, moz:geckodriverVersion: 0.33.0, moz:headless: false, moz:platformVersion: 10.0, moz:processID: 11864, moz:profile: C:\Users\Sipl\AppData\Local..., moz:shutdownTimeout: 60000, moz:webdriverClick: true, moz:windowless: false, pageLoadStrategy: normal, platformName: windows, proxy: Proxy(), se:cdp: ws://127.0.0.1:7422/devtool..., se:cdpVersion: 85.0, setWindowRect: true, strictFileInteractability: false, timeouts: {implicit: 0, pageLoad: 300000, script: 30000}, unhandledPromptBehavior: dismiss and notify}
Element: [[FirefoxDriver: firefox on windows (a38106e7-562a-45cf-bcf4-dcb2a3dd2a70)] -> css selector: a[href*='participant-mass-upload']]
Session ID: a38106e7-562a-45cf-bcf4-dcb2a3dd2a70
at org.openqa.selenium.remote.codec.w3c.W3CHttpResponseCodec.createException(W3CHttpResponseCodec.java:200)
at org.openqa.selenium.remote.codec.w3c.W3CHttpResponseCodec.decode(W3CHttpResponseCodec.java:133)
at org.openqa.selenium.remote.codec.w3c.W3CHttpResponseCodec.decode(W3CHttpResponseCodec.java:52)
at org.openqa.selenium.remote.HttpCommandExecutor.execute(HttpCommandExecutor.java:191)
at org.openqa.selenium.remote.service.DriverCommandExecutor.invokeExecute(DriverCommandExecutor.java:196)
at org.openqa.selenium.remote.service.DriverCommandExecutor.execute(DriverCommandExecutor.java:171)
at org.openqa.selenium.remote.RemoteWebDriver.execute(RemoteWebDriver.java:602)
at org.openqa.selenium.remote.RemoteWebElement.execute(RemoteWebElement.java:224)
at org.openqa.selenium.remote.RemoteWebElement.click(RemoteWebElement.java:77)
at org.openqa.selenium.support.pagefactory.internal.LocatingElementHandler.invoke(LocatingElementHandler.java:51)
at jdk.proxy2/jdk.proxy2.$Proxy13.click(Unknown Source)
at Softude.Hyperlocology.pageobjects.AttachCollateral.goToLocationPage(AttachCollateral.java:69)
at Softude.Hyperlocology.Tests.LocationPageTest.addLocation(LocationPageTest.java:21)
at java.base/java.util.ArrayList.forEach(ArrayList.java:1511)
... Removed 35 stack frames]]>
    </failure>
  </testcase> <!-- addLocation -->
  <testcase classname="Softude.Hyperlocology.Tests.LoginPageTest" name="forgotpasswordValidation" time="6.357">
    <failure type="java.lang.AssertionError" message="expected [Entered email id is incorrect, try again.] but found [wrong Email id]">
      <![CDATA[java.lang.AssertionError: expected [Entered email id is incorrect, try again.] but found [wrong Email id]
at Softude.Hyperlocology.Tests.LoginPageTest.forgotpasswordValidation(LoginPageTest.java:31)
at java.base/java.util.ArrayList.forEach(ArrayList.java:1511)
... Removed 36 stack frames]]>
    </failure>
  </testcase> <!-- forgotpasswordValidation -->
  <testcase classname="Softude.Hyperlocology.Tests.LoginPageTest" name="loginWithIncorrectPassword" time="1.583">
    <skipped/>
  </testcase> <!-- loginWithIncorrectPassword -->
  <testcase classname="Softude.Hyperlocology.Tests.LoginPageTest" name="loginWithIncorrectPassword" time="2.137">
    <failure type="java.lang.AssertionError" message="expected [wrong passwrod please enter correct password] but found [Wrong email or password, please try again.]">
      <![CDATA[java.lang.AssertionError: expected [wrong passwrod please enter correct password] but found [Wrong email or password, please try again.]
at Softude.Hyperlocology.Tests.LoginPageTest.loginWithIncorrectPassword(LoginPageTest.java:26)
at java.base/java.util.ArrayList.forEach(ArrayList.java:1511)
... Removed 36 stack frames]]>
    </failure>
  </testcase> <!-- loginWithIncorrectPassword -->
  <testcase classname="Softude.Hyperlocology.Tests.LoginPageTest" name="loginWithValidCredentials" time="5.854"/>
  <testcase classname="Softude.Hyperlocology.Tests.LoginPageTest" name="loginwithIncorrectEmail" time="1.969"/>
  <testcase classname="Softude.Hyperlocology.Tests.LoginPageTest" name="logoutValidation" time="7.812"/>
  <testcase classname="Softude.Hyperlocology.Tests.PageSetupPageTest" name="setupPage" time="14.522">
    <failure type="org.openqa.selenium.ElementClickInterceptedException" message="Element &amp;lt;li class=&amp;quot;nav-item&amp;quot;&amp;gt; is not clickable at point (520,256) because another element &amp;lt;div id=&amp;quot;rpLoader&amp;quot;&amp;gt; obscures it
Build info: version: &amp;apos;4.12.0&amp;apos;, revision: &amp;apos;249f2a7d1b*&amp;apos;
System info: os.name: &amp;apos;Windows 10&amp;apos;, os.arch: &amp;apos;amd64&amp;apos;, os.version: &amp;apos;10.0&amp;apos;, java.version: &amp;apos;19.0.1&amp;apos;
Driver info: org.openqa.selenium.firefox.FirefoxDriver
Command: [6e985ca2-09fb-490e-989c-948878f0f151, clickElement {id=537e4b1e-dcbf-4321-990b-820907a5b22f}]
Capabilities {acceptInsecureCerts: true, browserName: firefox, browserVersion: 119.0.1, moz:accessibilityChecks: false, moz:buildID: 20231106151204, moz:debuggerAddress: 127.0.0.1:20304, moz:geckodriverVersion: 0.33.0, moz:headless: false, moz:platformVersion: 10.0, moz:processID: 15180, moz:profile: C:\Users\Sipl\AppData\Local..., moz:shutdownTimeout: 60000, moz:webdriverClick: true, moz:windowless: false, pageLoadStrategy: normal, platformName: windows, proxy: Proxy(), se:cdp: ws://127.0.0.1:20304/devtoo..., se:cdpVersion: 85.0, setWindowRect: true, strictFileInteractability: false, timeouts: {implicit: 0, pageLoad: 300000, script: 30000}, unhandledPromptBehavior: dismiss and notify}
Element: [[FirefoxDriver: firefox on windows (6e985ca2-09fb-490e-989c-948878f0f151)] -&amp;gt; css selector: .nav-tabs li:nth-child(2)]
Session ID: 6e985ca2-09fb-490e-989c-948878f0f151">
      <![CDATA[org.openqa.selenium.ElementClickInterceptedException: Element <li class="nav-item"> is not clickable at point (520,256) because another element <div id="rpLoader"> obscures it
Build info: version: '4.12.0', revision: '249f2a7d1b*'
System info: os.name: 'Windows 10', os.arch: 'amd64', os.version: '10.0', java.version: '19.0.1'
Driver info: org.openqa.selenium.firefox.FirefoxDriver
Command: [6e985ca2-09fb-490e-989c-948878f0f151, clickElement {id=537e4b1e-dcbf-4321-990b-820907a5b22f}]
Capabilities {acceptInsecureCerts: true, browserName: firefox, browserVersion: 119.0.1, moz:accessibilityChecks: false, moz:buildID: 20231106151204, moz:debuggerAddress: 127.0.0.1:20304, moz:geckodriverVersion: 0.33.0, moz:headless: false, moz:platformVersion: 10.0, moz:processID: 15180, moz:profile: C:\Users\Sipl\AppData\Local..., moz:shutdownTimeout: 60000, moz:webdriverClick: true, moz:windowless: false, pageLoadStrategy: normal, platformName: windows, proxy: Proxy(), se:cdp: ws://127.0.0.1:20304/devtoo..., se:cdpVersion: 85.0, setWindowRect: true, strictFileInteractability: false, timeouts: {implicit: 0, pageLoad: 300000, script: 30000}, unhandledPromptBehavior: dismiss and notify}
Element: [[FirefoxDriver: firefox on windows (6e985ca2-09fb-490e-989c-948878f0f151)] -> css selector: .nav-tabs li:nth-child(2)]
Session ID: 6e985ca2-09fb-490e-989c-948878f0f151
at org.openqa.selenium.remote.codec.w3c.W3CHttpResponseCodec.createException(W3CHttpResponseCodec.java:200)
at org.openqa.selenium.remote.codec.w3c.W3CHttpResponseCodec.decode(W3CHttpResponseCodec.java:133)
at org.openqa.selenium.remote.codec.w3c.W3CHttpResponseCodec.decode(W3CHttpResponseCodec.java:52)
at org.openqa.selenium.remote.HttpCommandExecutor.execute(HttpCommandExecutor.java:191)
at org.openqa.selenium.remote.service.DriverCommandExecutor.invokeExecute(DriverCommandExecutor.java:196)
at org.openqa.selenium.remote.service.DriverCommandExecutor.execute(DriverCommandExecutor.java:171)
at org.openqa.selenium.remote.RemoteWebDriver.execute(RemoteWebDriver.java:602)
at org.openqa.selenium.remote.RemoteWebElement.execute(RemoteWebElement.java:224)
at org.openqa.selenium.remote.RemoteWebElement.click(RemoteWebElement.java:77)
at org.openqa.selenium.support.pagefactory.internal.LocatingElementHandler.invoke(LocatingElementHandler.java:51)
at jdk.proxy2/jdk.proxy2.$Proxy13.click(Unknown Source)
at Softude.Hyperlocology.pageobjects.EditBrandPage.goToAttachCollateralPage(EditBrandPage.java:125)
at Softude.Hyperlocology.Tests.PageSetupPageTest.setupPage(PageSetupPageTest.java:24)
at java.base/java.util.ArrayList.forEach(ArrayList.java:1511)
... Removed 35 stack frames]]>
    </failure>
  </testcase> <!-- setupPage -->
  <testcase classname="Softude.Hyperlocology.Tests.PageSetupPageTest" name="setupPage" time="5.489">
    <failure type="org.openqa.selenium.ElementClickInterceptedException" message="Element &amp;lt;a id=&amp;quot;brandLink&amp;quot; class=&amp;quot;nav-link&amp;quot; href=&amp;quot;/brands&amp;quot;&amp;gt; is not clickable at point (106,192) because another element &amp;lt;div id=&amp;quot;rpLoader&amp;quot;&amp;gt; obscures it
Build info: version: &amp;apos;4.12.0&amp;apos;, revision: &amp;apos;249f2a7d1b*&amp;apos;
System info: os.name: &amp;apos;Windows 10&amp;apos;, os.arch: &amp;apos;amd64&amp;apos;, os.version: &amp;apos;10.0&amp;apos;, java.version: &amp;apos;19.0.1&amp;apos;
Driver info: org.openqa.selenium.firefox.FirefoxDriver
Command: [d5f033bf-cb73-4ebe-ab88-fbaa12b6b504, clickElement {id=25c05161-0f56-4794-a212-1b07d3edaf84}]
Capabilities {acceptInsecureCerts: true, browserName: firefox, browserVersion: 119.0.1, moz:accessibilityChecks: false, moz:buildID: 20231106151204, moz:debuggerAddress: 127.0.0.1:21319, moz:geckodriverVersion: 0.33.0, moz:headless: false, moz:platformVersion: 10.0, moz:processID: 21832, moz:profile: C:\Users\Sipl\AppData\Local..., moz:shutdownTimeout: 60000, moz:webdriverClick: true, moz:windowless: false, pageLoadStrategy: normal, platformName: windows, proxy: Proxy(), se:cdp: ws://127.0.0.1:21319/devtoo..., se:cdpVersion: 85.0, setWindowRect: true, strictFileInteractability: false, timeouts: {implicit: 0, pageLoad: 300000, script: 30000}, unhandledPromptBehavior: dismiss and notify}
Element: [[FirefoxDriver: firefox on windows (d5f033bf-cb73-4ebe-ab88-fbaa12b6b504)] -&amp;gt; id: brandLink]
Session ID: d5f033bf-cb73-4ebe-ab88-fbaa12b6b504">
      <![CDATA[org.openqa.selenium.ElementClickInterceptedException: Element <a id="brandLink" class="nav-link" href="/brands"> is not clickable at point (106,192) because another element <div id="rpLoader"> obscures it
Build info: version: '4.12.0', revision: '249f2a7d1b*'
System info: os.name: 'Windows 10', os.arch: 'amd64', os.version: '10.0', java.version: '19.0.1'
Driver info: org.openqa.selenium.firefox.FirefoxDriver
Command: [d5f033bf-cb73-4ebe-ab88-fbaa12b6b504, clickElement {id=25c05161-0f56-4794-a212-1b07d3edaf84}]
Capabilities {acceptInsecureCerts: true, browserName: firefox, browserVersion: 119.0.1, moz:accessibilityChecks: false, moz:buildID: 20231106151204, moz:debuggerAddress: 127.0.0.1:21319, moz:geckodriverVersion: 0.33.0, moz:headless: false, moz:platformVersion: 10.0, moz:processID: 21832, moz:profile: C:\Users\Sipl\AppData\Local..., moz:shutdownTimeout: 60000, moz:webdriverClick: true, moz:windowless: false, pageLoadStrategy: normal, platformName: windows, proxy: Proxy(), se:cdp: ws://127.0.0.1:21319/devtoo..., se:cdpVersion: 85.0, setWindowRect: true, strictFileInteractability: false, timeouts: {implicit: 0, pageLoad: 300000, script: 30000}, unhandledPromptBehavior: dismiss and notify}
Element: [[FirefoxDriver: firefox on windows (d5f033bf-cb73-4ebe-ab88-fbaa12b6b504)] -> id: brandLink]
Session ID: d5f033bf-cb73-4ebe-ab88-fbaa12b6b504
at org.openqa.selenium.remote.codec.w3c.W3CHttpResponseCodec.createException(W3CHttpResponseCodec.java:200)
at org.openqa.selenium.remote.codec.w3c.W3CHttpResponseCodec.decode(W3CHttpResponseCodec.java:133)
at org.openqa.selenium.remote.codec.w3c.W3CHttpResponseCodec.decode(W3CHttpResponseCodec.java:52)
at org.openqa.selenium.remote.HttpCommandExecutor.execute(HttpCommandExecutor.java:191)
at org.openqa.selenium.remote.service.DriverCommandExecutor.invokeExecute(DriverCommandExecutor.java:196)
at org.openqa.selenium.remote.service.DriverCommandExecutor.execute(DriverCommandExecutor.java:171)
at org.openqa.selenium.remote.RemoteWebDriver.execute(RemoteWebDriver.java:602)
at org.openqa.selenium.remote.RemoteWebElement.execute(RemoteWebElement.java:224)
at org.openqa.selenium.remote.RemoteWebElement.click(RemoteWebElement.java:77)
at org.openqa.selenium.support.pagefactory.internal.LocatingElementHandler.invoke(LocatingElementHandler.java:51)
at jdk.proxy2/jdk.proxy2.$Proxy13.click(Unknown Source)
at Softude.Hyperlocology.pageobjects.ParentCompanies.goToBrandsPages(ParentCompanies.java:82)
at Softude.Hyperlocology.Tests.PageSetupPageTest.setupPage(PageSetupPageTest.java:22)
at java.base/java.util.ArrayList.forEach(ArrayList.java:1511)
... Removed 35 stack frames]]>
    </failure>
  </testcase> <!-- setupPage -->
  <testcase classname="Softude.Hyperlocology.Tests.ParentCompaniesTest" name="addParentCompany" time="8.817">
    <failure type="org.openqa.selenium.ElementClickInterceptedException" message="Element &amp;lt;a class=&amp;quot;btn btn-primary px-3&amp;quot; href=&amp;quot;company/add&amp;quot;&amp;gt; is not clickable at point (1503,116) because another element &amp;lt;div id=&amp;quot;rpLoader&amp;quot;&amp;gt; obscures it
Build info: version: &amp;apos;4.12.0&amp;apos;, revision: &amp;apos;249f2a7d1b*&amp;apos;
System info: os.name: &amp;apos;Windows 10&amp;apos;, os.arch: &amp;apos;amd64&amp;apos;, os.version: &amp;apos;10.0&amp;apos;, java.version: &amp;apos;19.0.1&amp;apos;
Driver info: org.openqa.selenium.firefox.FirefoxDriver
Command: [35fb9f93-204e-47b3-b30c-0bba6a55c87f, clickElement {id=a17adaad-876b-46b9-9acf-28207d7ce613}]
Capabilities {acceptInsecureCerts: true, browserName: firefox, browserVersion: 119.0.1, moz:accessibilityChecks: false, moz:buildID: 20231106151204, moz:debuggerAddress: 127.0.0.1:16033, moz:geckodriverVersion: 0.33.0, moz:headless: false, moz:platformVersion: 10.0, moz:processID: 19028, moz:profile: C:\Users\Sipl\AppData\Local..., moz:shutdownTimeout: 60000, moz:webdriverClick: true, moz:windowless: false, pageLoadStrategy: normal, platformName: windows, proxy: Proxy(), se:cdp: ws://127.0.0.1:16033/devtoo..., se:cdpVersion: 85.0, setWindowRect: true, strictFileInteractability: false, timeouts: {implicit: 0, pageLoad: 300000, script: 30000}, unhandledPromptBehavior: dismiss and notify}
Element: [[FirefoxDriver: firefox on windows (35fb9f93-204e-47b3-b30c-0bba6a55c87f)] -&amp;gt; css selector: a[href=&amp;apos;company/add&amp;apos;]]
Session ID: 35fb9f93-204e-47b3-b30c-0bba6a55c87f">
      <![CDATA[org.openqa.selenium.ElementClickInterceptedException: Element <a class="btn btn-primary px-3" href="company/add"> is not clickable at point (1503,116) because another element <div id="rpLoader"> obscures it
Build info: version: '4.12.0', revision: '249f2a7d1b*'
System info: os.name: 'Windows 10', os.arch: 'amd64', os.version: '10.0', java.version: '19.0.1'
Driver info: org.openqa.selenium.firefox.FirefoxDriver
Command: [35fb9f93-204e-47b3-b30c-0bba6a55c87f, clickElement {id=a17adaad-876b-46b9-9acf-28207d7ce613}]
Capabilities {acceptInsecureCerts: true, browserName: firefox, browserVersion: 119.0.1, moz:accessibilityChecks: false, moz:buildID: 20231106151204, moz:debuggerAddress: 127.0.0.1:16033, moz:geckodriverVersion: 0.33.0, moz:headless: false, moz:platformVersion: 10.0, moz:processID: 19028, moz:profile: C:\Users\Sipl\AppData\Local..., moz:shutdownTimeout: 60000, moz:webdriverClick: true, moz:windowless: false, pageLoadStrategy: normal, platformName: windows, proxy: Proxy(), se:cdp: ws://127.0.0.1:16033/devtoo..., se:cdpVersion: 85.0, setWindowRect: true, strictFileInteractability: false, timeouts: {implicit: 0, pageLoad: 300000, script: 30000}, unhandledPromptBehavior: dismiss and notify}
Element: [[FirefoxDriver: firefox on windows (35fb9f93-204e-47b3-b30c-0bba6a55c87f)] -> css selector: a[href='company/add']]
Session ID: 35fb9f93-204e-47b3-b30c-0bba6a55c87f
at org.openqa.selenium.remote.codec.w3c.W3CHttpResponseCodec.createException(W3CHttpResponseCodec.java:200)
at org.openqa.selenium.remote.codec.w3c.W3CHttpResponseCodec.decode(W3CHttpResponseCodec.java:133)
at org.openqa.selenium.remote.codec.w3c.W3CHttpResponseCodec.decode(W3CHttpResponseCodec.java:52)
at org.openqa.selenium.remote.HttpCommandExecutor.execute(HttpCommandExecutor.java:191)
at org.openqa.selenium.remote.service.DriverCommandExecutor.invokeExecute(DriverCommandExecutor.java:196)
at org.openqa.selenium.remote.service.DriverCommandExecutor.execute(DriverCommandExecutor.java:171)
at org.openqa.selenium.remote.RemoteWebDriver.execute(RemoteWebDriver.java:602)
at org.openqa.selenium.remote.RemoteWebElement.execute(RemoteWebElement.java:224)
at org.openqa.selenium.remote.RemoteWebElement.click(RemoteWebElement.java:77)
at org.openqa.selenium.support.pagefactory.internal.LocatingElementHandler.invoke(LocatingElementHandler.java:51)
at jdk.proxy2/jdk.proxy2.$Proxy13.click(Unknown Source)
at Softude.Hyperlocology.pageobjects.ParentCompanies.addParentCompany(ParentCompanies.java:51)
at Softude.Hyperlocology.Tests.ParentCompaniesTest.addParentCompany(ParentCompaniesTest.java:13)
at java.base/java.util.ArrayList.forEach(ArrayList.java:1511)
... Removed 35 stack frames]]>
    </failure>
  </testcase> <!-- addParentCompany -->
  <testcase classname="Softude.Hyperlocology.Tests.ParentCompaniesTest" name="wrongEmailErrorValidation" time="7.414">
    <failure type="org.openqa.selenium.ElementClickInterceptedException" message="Element &amp;lt;a class=&amp;quot;btn btn-primary px-3&amp;quot; href=&amp;quot;company/add&amp;quot;&amp;gt; is not clickable at point (1520,116) because another element &amp;lt;div id=&amp;quot;rpLoader&amp;quot;&amp;gt; obscures it
Build info: version: &amp;apos;4.12.0&amp;apos;, revision: &amp;apos;249f2a7d1b*&amp;apos;
System info: os.name: &amp;apos;Windows 10&amp;apos;, os.arch: &amp;apos;amd64&amp;apos;, os.version: &amp;apos;10.0&amp;apos;, java.version: &amp;apos;19.0.1&amp;apos;
Driver info: org.openqa.selenium.firefox.FirefoxDriver
Command: [310ba309-7fd3-4000-8da8-43479a1fef44, clickElement {id=1301bbe1-b939-43fd-b251-0e50c9018cb6}]
Capabilities {acceptInsecureCerts: true, browserName: firefox, browserVersion: 119.0.1, moz:accessibilityChecks: false, moz:buildID: 20231106151204, moz:debuggerAddress: 127.0.0.1:35832, moz:geckodriverVersion: 0.33.0, moz:headless: false, moz:platformVersion: 10.0, moz:processID: 20988, moz:profile: C:\Users\Sipl\AppData\Local..., moz:shutdownTimeout: 60000, moz:webdriverClick: true, moz:windowless: false, pageLoadStrategy: normal, platformName: windows, proxy: Proxy(), se:cdp: ws://127.0.0.1:35832/devtoo..., se:cdpVersion: 85.0, setWindowRect: true, strictFileInteractability: false, timeouts: {implicit: 0, pageLoad: 300000, script: 30000}, unhandledPromptBehavior: dismiss and notify}
Element: [[FirefoxDriver: firefox on windows (310ba309-7fd3-4000-8da8-43479a1fef44)] -&amp;gt; css selector: a[href=&amp;apos;company/add&amp;apos;]]
Session ID: 310ba309-7fd3-4000-8da8-43479a1fef44">
      <![CDATA[org.openqa.selenium.ElementClickInterceptedException: Element <a class="btn btn-primary px-3" href="company/add"> is not clickable at point (1520,116) because another element <div id="rpLoader"> obscures it
Build info: version: '4.12.0', revision: '249f2a7d1b*'
System info: os.name: 'Windows 10', os.arch: 'amd64', os.version: '10.0', java.version: '19.0.1'
Driver info: org.openqa.selenium.firefox.FirefoxDriver
Command: [310ba309-7fd3-4000-8da8-43479a1fef44, clickElement {id=1301bbe1-b939-43fd-b251-0e50c9018cb6}]
Capabilities {acceptInsecureCerts: true, browserName: firefox, browserVersion: 119.0.1, moz:accessibilityChecks: false, moz:buildID: 20231106151204, moz:debuggerAddress: 127.0.0.1:35832, moz:geckodriverVersion: 0.33.0, moz:headless: false, moz:platformVersion: 10.0, moz:processID: 20988, moz:profile: C:\Users\Sipl\AppData\Local..., moz:shutdownTimeout: 60000, moz:webdriverClick: true, moz:windowless: false, pageLoadStrategy: normal, platformName: windows, proxy: Proxy(), se:cdp: ws://127.0.0.1:35832/devtoo..., se:cdpVersion: 85.0, setWindowRect: true, strictFileInteractability: false, timeouts: {implicit: 0, pageLoad: 300000, script: 30000}, unhandledPromptBehavior: dismiss and notify}
Element: [[FirefoxDriver: firefox on windows (310ba309-7fd3-4000-8da8-43479a1fef44)] -> css selector: a[href='company/add']]
Session ID: 310ba309-7fd3-4000-8da8-43479a1fef44
at org.openqa.selenium.remote.codec.w3c.W3CHttpResponseCodec.createException(W3CHttpResponseCodec.java:200)
at org.openqa.selenium.remote.codec.w3c.W3CHttpResponseCodec.decode(W3CHttpResponseCodec.java:133)
at org.openqa.selenium.remote.codec.w3c.W3CHttpResponseCodec.decode(W3CHttpResponseCodec.java:52)
at org.openqa.selenium.remote.HttpCommandExecutor.execute(HttpCommandExecutor.java:191)
at org.openqa.selenium.remote.service.DriverCommandExecutor.invokeExecute(DriverCommandExecutor.java:196)
at org.openqa.selenium.remote.service.DriverCommandExecutor.execute(DriverCommandExecutor.java:171)
at org.openqa.selenium.remote.RemoteWebDriver.execute(RemoteWebDriver.java:602)
at org.openqa.selenium.remote.RemoteWebElement.execute(RemoteWebElement.java:224)
at org.openqa.selenium.remote.RemoteWebElement.click(RemoteWebElement.java:77)
at org.openqa.selenium.support.pagefactory.internal.LocatingElementHandler.invoke(LocatingElementHandler.java:51)
at jdk.proxy2/jdk.proxy2.$Proxy13.click(Unknown Source)
at Softude.Hyperlocology.pageobjects.ParentCompanies.addParentCompany(ParentCompanies.java:51)
at Softude.Hyperlocology.Tests.ParentCompaniesTest.wrongEmailErrorValidation(ParentCompaniesTest.java:21)
at java.base/java.util.ArrayList.forEach(ArrayList.java:1511)
... Removed 35 stack frames]]>
    </failure>
  </testcase> <!-- wrongEmailErrorValidation -->
  <testcase classname="Softude.Hyperlocology.Tests.SubscriptionPageTest" name="addSubscription" time="15.316">
    <failure type="org.openqa.selenium.ElementClickInterceptedException" message="Element &amp;lt;li class=&amp;quot;nav-item&amp;quot;&amp;gt; is not clickable at point (520,256) because another element &amp;lt;div id=&amp;quot;rpLoader&amp;quot;&amp;gt; obscures it
Build info: version: &amp;apos;4.12.0&amp;apos;, revision: &amp;apos;249f2a7d1b*&amp;apos;
System info: os.name: &amp;apos;Windows 10&amp;apos;, os.arch: &amp;apos;amd64&amp;apos;, os.version: &amp;apos;10.0&amp;apos;, java.version: &amp;apos;19.0.1&amp;apos;
Driver info: org.openqa.selenium.firefox.FirefoxDriver
Command: [b0a21ed7-e46e-494b-a1af-baa39dbaee34, clickElement {id=fa7d2b16-ee97-4299-855b-54ad1bf4786e}]
Capabilities {acceptInsecureCerts: true, browserName: firefox, browserVersion: 119.0.1, moz:accessibilityChecks: false, moz:buildID: 20231106151204, moz:debuggerAddress: 127.0.0.1:22988, moz:geckodriverVersion: 0.33.0, moz:headless: false, moz:platformVersion: 10.0, moz:processID: 22264, moz:profile: C:\Users\Sipl\AppData\Local..., moz:shutdownTimeout: 60000, moz:webdriverClick: true, moz:windowless: false, pageLoadStrategy: normal, platformName: windows, proxy: Proxy(), se:cdp: ws://127.0.0.1:22988/devtoo..., se:cdpVersion: 85.0, setWindowRect: true, strictFileInteractability: false, timeouts: {implicit: 0, pageLoad: 300000, script: 30000}, unhandledPromptBehavior: dismiss and notify}
Element: [[FirefoxDriver: firefox on windows (b0a21ed7-e46e-494b-a1af-baa39dbaee34)] -&amp;gt; css selector: .nav-tabs li:nth-child(2)]
Session ID: b0a21ed7-e46e-494b-a1af-baa39dbaee34">
      <![CDATA[org.openqa.selenium.ElementClickInterceptedException: Element <li class="nav-item"> is not clickable at point (520,256) because another element <div id="rpLoader"> obscures it
Build info: version: '4.12.0', revision: '249f2a7d1b*'
System info: os.name: 'Windows 10', os.arch: 'amd64', os.version: '10.0', java.version: '19.0.1'
Driver info: org.openqa.selenium.firefox.FirefoxDriver
Command: [b0a21ed7-e46e-494b-a1af-baa39dbaee34, clickElement {id=fa7d2b16-ee97-4299-855b-54ad1bf4786e}]
Capabilities {acceptInsecureCerts: true, browserName: firefox, browserVersion: 119.0.1, moz:accessibilityChecks: false, moz:buildID: 20231106151204, moz:debuggerAddress: 127.0.0.1:22988, moz:geckodriverVersion: 0.33.0, moz:headless: false, moz:platformVersion: 10.0, moz:processID: 22264, moz:profile: C:\Users\Sipl\AppData\Local..., moz:shutdownTimeout: 60000, moz:webdriverClick: true, moz:windowless: false, pageLoadStrategy: normal, platformName: windows, proxy: Proxy(), se:cdp: ws://127.0.0.1:22988/devtoo..., se:cdpVersion: 85.0, setWindowRect: true, strictFileInteractability: false, timeouts: {implicit: 0, pageLoad: 300000, script: 30000}, unhandledPromptBehavior: dismiss and notify}
Element: [[FirefoxDriver: firefox on windows (b0a21ed7-e46e-494b-a1af-baa39dbaee34)] -> css selector: .nav-tabs li:nth-child(2)]
Session ID: b0a21ed7-e46e-494b-a1af-baa39dbaee34
at org.openqa.selenium.remote.codec.w3c.W3CHttpResponseCodec.createException(W3CHttpResponseCodec.java:200)
at org.openqa.selenium.remote.codec.w3c.W3CHttpResponseCodec.decode(W3CHttpResponseCodec.java:133)
at org.openqa.selenium.remote.codec.w3c.W3CHttpResponseCodec.decode(W3CHttpResponseCodec.java:52)
at org.openqa.selenium.remote.HttpCommandExecutor.execute(HttpCommandExecutor.java:191)
at org.openqa.selenium.remote.service.DriverCommandExecutor.invokeExecute(DriverCommandExecutor.java:196)
at org.openqa.selenium.remote.service.DriverCommandExecutor.execute(DriverCommandExecutor.java:171)
at org.openqa.selenium.remote.RemoteWebDriver.execute(RemoteWebDriver.java:602)
at org.openqa.selenium.remote.RemoteWebElement.execute(RemoteWebElement.java:224)
at org.openqa.selenium.remote.RemoteWebElement.click(RemoteWebElement.java:77)
at org.openqa.selenium.support.pagefactory.internal.LocatingElementHandler.invoke(LocatingElementHandler.java:51)
at jdk.proxy2/jdk.proxy2.$Proxy13.click(Unknown Source)
at Softude.Hyperlocology.pageobjects.EditBrandPage.goToAttachCollateralPage(EditBrandPage.java:125)
at Softude.Hyperlocology.Tests.SubscriptionPageTest.addSubscription(SubscriptionPageTest.java:21)
at java.base/java.util.ArrayList.forEach(ArrayList.java:1511)
... Removed 35 stack frames]]>
    </failure>
  </testcase> <!-- addSubscription -->
</testsuite> <!-- Surefire test -->
