<?xml version="1.0" encoding="UTF-8"?>
<!-- Generated by org.testng.reporters.JUnitXMLReporter -->
<testsuite ignored="0" hostname="SIPl-DT-PS" failures="2" tests="6" name="Test" time="61.493" errors="0" timestamp="2023-10-09T11:46:09 IST">
  <testcase classname="Softude.Hyperlocology.Tests.LoginPageTest" name="forgotpasswordValidation" time="4.306">
    <failure type="java.lang.AssertionError" message="expected [Entered email id is incorrect, try again.] but found [wrong Email id]">
      <![CDATA[java.lang.AssertionError: expected [Entered email id is incorrect, try again.] but found [wrong Email id]
at Softude.Hyperlocology.Tests.LoginPageTest.forgotpasswordValidation(LoginPageTest.java:31)
at java.base/java.util.ArrayList.forEach(ArrayList.java:1511)
... Removed 31 stack frames]]>
    </failure>
  </testcase> <!-- forgotpasswordValidation -->
  <testcase classname="Softude.Hyperlocology.Tests.LoginPageTest" name="loginWithIncorrectPassword" time="3.975">
    <skipped/>
  </testcase> <!-- loginWithIncorrectPassword -->
  <testcase classname="Softude.Hyperlocology.Tests.LoginPageTest" name="loginWithIncorrectPassword" time="2.4">
    <failure type="java.lang.AssertionError" message="expected [wrong passwrod please enter correct password] but found [Wrong email or password, please try again.]">
      <![CDATA[java.lang.AssertionError: expected [wrong passwrod please enter correct password] but found [Wrong email or password, please try again.]
at Softude.Hyperlocology.Tests.LoginPageTest.loginWithIncorrectPassword(LoginPageTest.java:26)
at java.base/java.util.ArrayList.forEach(ArrayList.java:1511)
... Removed 31 stack frames]]>
    </failure>
  </testcase> <!-- loginWithIncorrectPassword -->
  <testcase classname="Softude.Hyperlocology.Tests.LoginPageTest" name="loginWithValidCredentials" time="5.584"/>
  <testcase classname="Softude.Hyperlocology.Tests.LoginPageTest" name="loginwithIncorrectEmail" time="2.044"/>
  <testcase classname="Softude.Hyperlocology.Tests.LoginPageTest" name="logoutValidation" time="8.718"/>
</testsuite> <!-- Test -->
