<?xml version="1.0" encoding="UTF-8"?>
<testng-results ignored="0" total="1" passed="1" failed="0" skipped="0">
  <reporter-output>
  </reporter-output>
  <suite started-at="2023-11-23T17:12:05 IST" name="Suite" finished-at="2023-11-23T17:12:25 IST" duration-ms="20523">
    <groups>
    </groups>
    <test started-at="2023-11-23T17:12:05 IST" name="Test" finished-at="2023-11-23T17:12:25 IST" duration-ms="20523">
      <class name="Softude.Hyperlocology.Tests.EditBrandPageTest">
        <test-method is-config="true" signature="lauchApplication()[pri:0, instance:Softude.Hyperlocology.Tests.EditBrandPageTest@221a3fa4]" started-at="2023-11-23T17:12:05 IST" name="lauchApplication" finished-at="2023-11-23T17:12:11 IST" duration-ms="5871" status="PASS">
          <reporter-output>
          </reporter-output>
        </test-method> <!-- lauchApplication -->
        <test-method signature="editBasicInformation()[pri:0, instance:Softude.Hyperlocology.Tests.EditBrandPageTest@221a3fa4]" started-at="2023-11-23T17:12:11 IST" name="editBasicInformation" finished-at="2023-11-23T17:12:25 IST" duration-ms="14484" status="PASS">
          <reporter-output>
          </reporter-output>
        </test-method> <!-- editBasicInformation -->
        <test-method is-config="true" signature="tearDown()[pri:0, instance:Softude.Hyperlocology.Tests.EditBrandPageTest@221a3fa4]" started-at="2023-11-23T17:12:25 IST" name="tearDown" finished-at="2023-11-23T17:12:25 IST" duration-ms="128" status="PASS">
          <reporter-output>
          </reporter-output>
        </test-method> <!-- tearDown -->
      </class> <!-- Softude.Hyperlocology.Tests.EditBrandPageTest -->
    </test> <!-- Test -->
  </suite> <!-- Suite -->
</testng-results>
