<?xml version="1.0" encoding="UTF-8"?>
<testsuite xmlns:xsi="http://www.w3.org/2001/XMLSchema-instance" xsi:noNamespaceSchemaLocation="https://maven.apache.org/surefire/maven-surefire-plugin/xsd/surefire-test-report.xsd" name="TestSuite" time="383.523" tests="18" errors="0" skipped="1" failures="13">
  <properties>
[...]
</properties>
  <testcase name="attachCollateral" classname="Softude.Hyperlocology.Tests.AttachCollateralTest" time="19.258">
    <failure message="Element &lt;li class=&quot;nav-item&quot;&gt; is not clickable at point (520,182) because another element &lt;div id=&quot;rpLoader&quot;&gt; obscures it&#10;Build info: version: &apos;4.12.0&apos;, revision: &apos;249f2a7d1b*&apos;&#10;System info: os.name: &apos;Windows 10&apos;, os.arch: &apos;amd64&apos;, os.version: &apos;10.0&apos;, java.version: &apos;19.0.1&apos;&#10;Driver info: org.openqa.selenium.firefox.FirefoxDriver&#10;Command: [a8578e16-5d18-4e11-a982-8d43fffbeee2, clickElement {id=780f87ae-7977-4398-8e11-44e4f16792bd}]&#10;Capabilities {acceptInsecureCerts: true, browserName: firefox, browserVersion: 119.0.1, moz:accessibilityChecks: false, moz:buildID: 20231106151204, moz:debuggerAddress: 127.0.0.1:11359, moz:geckodriverVersion: 0.33.0, moz:headless: false, moz:platformVersion: 10.0, moz:processID: 9144, moz:profile: C:\Users\Sipl\AppData\Local..., moz:shutdownTimeout: 60000, moz:webdriverClick: true, moz:windowless: false, pageLoadStrategy: normal, platformName: windows, proxy: Proxy(), se:cdp: ws://127.0.0.1:11359/devtoo..., se:cdpVersion: 85.0, setWindowRect: true, strictFileInteractability: false, timeouts: {implicit: 0, pageLoad: 300000, script: 30000}, unhandledPromptBehavior: dismiss and notify}&#10;Element: [[FirefoxDriver: firefox on windows (a8578e16-5d18-4e11-a982-8d43fffbeee2)] -&gt; css selector: .nav-tabs li:nth-child(2)]&#10;Session ID: a8578e16-5d18-4e11-a982-8d43fffbeee2" type="org.openqa.selenium.ElementClickInterceptedException"><![CDATA[org.openqa.selenium.ElementClickInterceptedException: 
Element <li class="nav-item"> is not clickable at point (520,182) because another element <div id="rpLoader"> obscures it
Build info: version: '4.12.0', revision: '249f2a7d1b*'
System info: os.name: 'Windows 10', os.arch: 'amd64', os.version: '10.0', java.version: '19.0.1'
Driver info: org.openqa.selenium.firefox.FirefoxDriver
Command: [a8578e16-5d18-4e11-a982-8d43fffbeee2, clickElement {id=780f87ae-7977-4398-8e11-44e4f16792bd}]
Capabilities {acceptInsecureCerts: true, browserName: firefox, browserVersion: 119.0.1, moz:accessibilityChecks: false, moz:buildID: 20231106151204, moz:debuggerAddress: 127.0.0.1:11359, moz:geckodriverVersion: 0.33.0, moz:headless: false, moz:platformVersion: 10.0, moz:processID: 9144, moz:profile: C:\Users\Sipl\AppData\Local..., moz:shutdownTimeout: 60000, moz:webdriverClick: true, moz:windowless: false, pageLoadStrategy: normal, platformName: windows, proxy: Proxy(), se:cdp: ws://127.0.0.1:11359/devtoo..., se:cdpVersion: 85.0, setWindowRect: true, strictFileInteractability: false, timeouts: {implicit: 0, pageLoad: 300000, script: 30000}, unhandledPromptBehavior: dismiss and notify}
Element: [[FirefoxDriver: firefox on windows (a8578e16-5d18-4e11-a982-8d43fffbeee2)] -> css selector: .nav-tabs li:nth-child(2)]
Session ID: a8578e16-5d18-4e11-a982-8d43fffbeee2
	at Softude.Hyperlocology.Tests.AttachCollateralTest.attachCollateral(AttachCollateralTest.java:21)
]]></failure>
    <system-err><![CDATA[SLF4J: Failed to load class "org.slf4j.impl.StaticLoggerBinder".
SLF4J: Defaulting to no-operation (NOP) logger implementation
SLF4J: See http://www.slf4j.org/codes.html#StaticLoggerBinder for further details.
]]></system-err>
  </testcase>
  <testcase name="addNewBrand" classname="Softude.Hyperlocology.Tests.BrandsTest" time="7.293">
    <failure message="Element &lt;a class=&quot;btn btn-primary  px-3&quot; href=&quot;brand/basic-information&quot;&gt; is not clickable at point (1520,116) because another element &lt;div id=&quot;rpLoader&quot;&gt; obscures it&#10;Build info: version: &apos;4.12.0&apos;, revision: &apos;249f2a7d1b*&apos;&#10;System info: os.name: &apos;Windows 10&apos;, os.arch: &apos;amd64&apos;, os.version: &apos;10.0&apos;, java.version: &apos;19.0.1&apos;&#10;Driver info: org.openqa.selenium.firefox.FirefoxDriver&#10;Command: [40f8256f-a68c-47ac-9485-8334220c4ba4, clickElement {id=fdf2d428-0300-4b59-a9d1-1db4ca8c13cd}]&#10;Capabilities {acceptInsecureCerts: true, browserName: firefox, browserVersion: 119.0.1, moz:accessibilityChecks: false, moz:buildID: 20231106151204, moz:debuggerAddress: 127.0.0.1:8619, moz:geckodriverVersion: 0.33.0, moz:headless: false, moz:platformVersion: 10.0, moz:processID: 20544, moz:profile: C:\Users\Sipl\AppData\Local..., moz:shutdownTimeout: 60000, moz:webdriverClick: true, moz:windowless: false, pageLoadStrategy: normal, platformName: windows, proxy: Proxy(), se:cdp: ws://127.0.0.1:8619/devtool..., se:cdpVersion: 85.0, setWindowRect: true, strictFileInteractability: false, timeouts: {implicit: 0, pageLoad: 300000, script: 30000}, unhandledPromptBehavior: dismiss and notify}&#10;Element: [[FirefoxDriver: firefox on windows (40f8256f-a68c-47ac-9485-8334220c4ba4)] -&gt; css selector: a[href$=&apos;brand/basic-information&apos;]]&#10;Session ID: 40f8256f-a68c-47ac-9485-8334220c4ba4" type="org.openqa.selenium.ElementClickInterceptedException"><![CDATA[org.openqa.selenium.ElementClickInterceptedException: 
Element <a class="btn btn-primary  px-3" href="brand/basic-information"> is not clickable at point (1520,116) because another element <div id="rpLoader"> obscures it
Build info: version: '4.12.0', revision: '249f2a7d1b*'
System info: os.name: 'Windows 10', os.arch: 'amd64', os.version: '10.0', java.version: '19.0.1'
Driver info: org.openqa.selenium.firefox.FirefoxDriver
Command: [40f8256f-a68c-47ac-9485-8334220c4ba4, clickElement {id=fdf2d428-0300-4b59-a9d1-1db4ca8c13cd}]
Capabilities {acceptInsecureCerts: true, browserName: firefox, browserVersion: 119.0.1, moz:accessibilityChecks: false, moz:buildID: 20231106151204, moz:debuggerAddress: 127.0.0.1:8619, moz:geckodriverVersion: 0.33.0, moz:headless: false, moz:platformVersion: 10.0, moz:processID: 20544, moz:profile: C:\Users\Sipl\AppData\Local..., moz:shutdownTimeout: 60000, moz:webdriverClick: true, moz:windowless: false, pageLoadStrategy: normal, platformName: windows, proxy: Proxy(), se:cdp: ws://127.0.0.1:8619/devtool..., se:cdpVersion: 85.0, setWindowRect: true, strictFileInteractability: false, timeouts: {implicit: 0, pageLoad: 300000, script: 30000}, unhandledPromptBehavior: dismiss and notify}
Element: [[FirefoxDriver: firefox on windows (40f8256f-a68c-47ac-9485-8334220c4ba4)] -> css selector: a[href$='brand/basic-information']]
Session ID: 40f8256f-a68c-47ac-9485-8334220c4ba4
	at Softude.Hyperlocology.Tests.BrandsTest.addNewBrand(BrandsTest.java:15)
]]></failure>
  </testcase>
  <testcase name="addLocation" classname="Softude.Hyperlocology.Tests.EditBrandPageTest" time="14.964">
    <failure message="Element &lt;a class=&quot;nav-link&quot; href=&quot;/brand/participant-mass-upload/49&quot;&gt; is not clickable at point (650,256) because another element &lt;div id=&quot;rpLoader&quot;&gt; obscures it&#10;Build info: version: &apos;4.12.0&apos;, revision: &apos;249f2a7d1b*&apos;&#10;System info: os.name: &apos;Windows 10&apos;, os.arch: &apos;amd64&apos;, os.version: &apos;10.0&apos;, java.version: &apos;19.0.1&apos;&#10;Driver info: org.openqa.selenium.firefox.FirefoxDriver&#10;Command: [78becb8c-e931-4d93-8b51-783e321007d0, clickElement {id=b8a05133-2bb7-4bdd-910e-f7a5b11348cc}]&#10;Capabilities {acceptInsecureCerts: true, browserName: firefox, browserVersion: 119.0.1, moz:accessibilityChecks: false, moz:buildID: 20231106151204, moz:debuggerAddress: 127.0.0.1:14244, moz:geckodriverVersion: 0.33.0, moz:headless: false, moz:platformVersion: 10.0, moz:processID: 6896, moz:profile: C:\Users\Sipl\AppData\Local..., moz:shutdownTimeout: 60000, moz:webdriverClick: true, moz:windowless: false, pageLoadStrategy: normal, platformName: windows, proxy: Proxy(), se:cdp: ws://127.0.0.1:14244/devtoo..., se:cdpVersion: 85.0, setWindowRect: true, strictFileInteractability: false, timeouts: {implicit: 0, pageLoad: 300000, script: 30000}, unhandledPromptBehavior: dismiss and notify}&#10;Element: [[FirefoxDriver: firefox on windows (78becb8c-e931-4d93-8b51-783e321007d0)] -&gt; css selector: a[href*=&apos;participant-mass-upload&apos;]]&#10;Session ID: 78becb8c-e931-4d93-8b51-783e321007d0" type="org.openqa.selenium.ElementClickInterceptedException"><![CDATA[org.openqa.selenium.ElementClickInterceptedException: 
Element <a class="nav-link" href="/brand/participant-mass-upload/49"> is not clickable at point (650,256) because another element <div id="rpLoader"> obscures it
Build info: version: '4.12.0', revision: '249f2a7d1b*'
System info: os.name: 'Windows 10', os.arch: 'amd64', os.version: '10.0', java.version: '19.0.1'
Driver info: org.openqa.selenium.firefox.FirefoxDriver
Command: [78becb8c-e931-4d93-8b51-783e321007d0, clickElement {id=b8a05133-2bb7-4bdd-910e-f7a5b11348cc}]
Capabilities {acceptInsecureCerts: true, browserName: firefox, browserVersion: 119.0.1, moz:accessibilityChecks: false, moz:buildID: 20231106151204, moz:debuggerAddress: 127.0.0.1:14244, moz:geckodriverVersion: 0.33.0, moz:headless: false, moz:platformVersion: 10.0, moz:processID: 6896, moz:profile: C:\Users\Sipl\AppData\Local..., moz:shutdownTimeout: 60000, moz:webdriverClick: true, moz:windowless: false, pageLoadStrategy: normal, platformName: windows, proxy: Proxy(), se:cdp: ws://127.0.0.1:14244/devtoo..., se:cdpVersion: 85.0, setWindowRect: true, strictFileInteractability: false, timeouts: {implicit: 0, pageLoad: 300000, script: 30000}, unhandledPromptBehavior: dismiss and notify}
Element: [[FirefoxDriver: firefox on windows (78becb8c-e931-4d93-8b51-783e321007d0)] -> css selector: a[href*='participant-mass-upload']]
Session ID: 78becb8c-e931-4d93-8b51-783e321007d0
	at Softude.Hyperlocology.Tests.EditBrandPageTest.addLocation(EditBrandPageTest.java:38)
]]></failure>
  </testcase>
  <testcase name="addSubscription" classname="Softude.Hyperlocology.Tests.EditBrandPageTest" time="15.102">
    <failure message="Element &lt;a class=&quot;nav-link&quot; href=&quot;/brand/subscription-mass-upload/49&quot;&gt; is not clickable at point (770,256) because another element &lt;div id=&quot;rpLoader&quot;&gt; obscures it&#10;Build info: version: &apos;4.12.0&apos;, revision: &apos;249f2a7d1b*&apos;&#10;System info: os.name: &apos;Windows 10&apos;, os.arch: &apos;amd64&apos;, os.version: &apos;10.0&apos;, java.version: &apos;19.0.1&apos;&#10;Driver info: org.openqa.selenium.firefox.FirefoxDriver&#10;Command: [fc48e596-2aa6-4e77-8131-f6059b12d3e8, clickElement {id=0613bdc8-d698-4aa4-8f49-19f4dffba019}]&#10;Capabilities {acceptInsecureCerts: true, browserName: firefox, browserVersion: 119.0.1, moz:accessibilityChecks: false, moz:buildID: 20231106151204, moz:debuggerAddress: 127.0.0.1:47537, moz:geckodriverVersion: 0.33.0, moz:headless: false, moz:platformVersion: 10.0, moz:processID: 9880, moz:profile: C:\Users\Sipl\AppData\Local..., moz:shutdownTimeout: 60000, moz:webdriverClick: true, moz:windowless: false, pageLoadStrategy: normal, platformName: windows, proxy: Proxy(), se:cdp: ws://127.0.0.1:47537/devtoo..., se:cdpVersion: 85.0, setWindowRect: true, strictFileInteractability: false, timeouts: {implicit: 0, pageLoad: 300000, script: 30000}, unhandledPromptBehavior: dismiss and notify}&#10;Element: [[FirefoxDriver: firefox on windows (fc48e596-2aa6-4e77-8131-f6059b12d3e8)] -&gt; css selector: a[href*=&apos;subscription-mass-upload&apos;]]&#10;Session ID: fc48e596-2aa6-4e77-8131-f6059b12d3e8" type="org.openqa.selenium.ElementClickInterceptedException"><![CDATA[org.openqa.selenium.ElementClickInterceptedException: 
Element <a class="nav-link" href="/brand/subscription-mass-upload/49"> is not clickable at point (770,256) because another element <div id="rpLoader"> obscures it
Build info: version: '4.12.0', revision: '249f2a7d1b*'
System info: os.name: 'Windows 10', os.arch: 'amd64', os.version: '10.0', java.version: '19.0.1'
Driver info: org.openqa.selenium.firefox.FirefoxDriver
Command: [fc48e596-2aa6-4e77-8131-f6059b12d3e8, clickElement {id=0613bdc8-d698-4aa4-8f49-19f4dffba019}]
Capabilities {acceptInsecureCerts: true, browserName: firefox, browserVersion: 119.0.1, moz:accessibilityChecks: false, moz:buildID: 20231106151204, moz:debuggerAddress: 127.0.0.1:47537, moz:geckodriverVersion: 0.33.0, moz:headless: false, moz:platformVersion: 10.0, moz:processID: 9880, moz:profile: C:\Users\Sipl\AppData\Local..., moz:shutdownTimeout: 60000, moz:webdriverClick: true, moz:windowless: false, pageLoadStrategy: normal, platformName: windows, proxy: Proxy(), se:cdp: ws://127.0.0.1:47537/devtoo..., se:cdpVersion: 85.0, setWindowRect: true, strictFileInteractability: false, timeouts: {implicit: 0, pageLoad: 300000, script: 30000}, unhandledPromptBehavior: dismiss and notify}
Element: [[FirefoxDriver: firefox on windows (fc48e596-2aa6-4e77-8131-f6059b12d3e8)] -> css selector: a[href*='subscription-mass-upload']]
Session ID: fc48e596-2aa6-4e77-8131-f6059b12d3e8
	at Softude.Hyperlocology.Tests.EditBrandPageTest.addSubscription(EditBrandPageTest.java:45)
]]></failure>
  </testcase>
  <testcase name="attachCollateral" classname="Softude.Hyperlocology.Tests.EditBrandPageTest" time="14.797">
    <failure message="Element &lt;li class=&quot;nav-item&quot;&gt; is not clickable at point (520,256) because another element &lt;div id=&quot;rpLoader&quot;&gt; obscures it&#10;Build info: version: &apos;4.12.0&apos;, revision: &apos;249f2a7d1b*&apos;&#10;System info: os.name: &apos;Windows 10&apos;, os.arch: &apos;amd64&apos;, os.version: &apos;10.0&apos;, java.version: &apos;19.0.1&apos;&#10;Driver info: org.openqa.selenium.firefox.FirefoxDriver&#10;Command: [eff4bd2d-1e24-4974-a159-07590fabda0f, clickElement {id=2d4e79d3-3401-4cb5-bb31-e9c9104304c0}]&#10;Capabilities {acceptInsecureCerts: true, browserName: firefox, browserVersion: 119.0.1, moz:accessibilityChecks: false, moz:buildID: 20231106151204, moz:debuggerAddress: 127.0.0.1:41421, moz:geckodriverVersion: 0.33.0, moz:headless: false, moz:platformVersion: 10.0, moz:processID: 2852, moz:profile: C:\Users\Sipl\AppData\Local..., moz:shutdownTimeout: 60000, moz:webdriverClick: true, moz:windowless: false, pageLoadStrategy: normal, platformName: windows, proxy: Proxy(), se:cdp: ws://127.0.0.1:41421/devtoo..., se:cdpVersion: 85.0, setWindowRect: true, strictFileInteractability: false, timeouts: {implicit: 0, pageLoad: 300000, script: 30000}, unhandledPromptBehavior: dismiss and notify}&#10;Element: [[FirefoxDriver: firefox on windows (eff4bd2d-1e24-4974-a159-07590fabda0f)] -&gt; css selector: .nav-tabs li:nth-child(2)]&#10;Session ID: eff4bd2d-1e24-4974-a159-07590fabda0f" type="org.openqa.selenium.ElementClickInterceptedException"><![CDATA[org.openqa.selenium.ElementClickInterceptedException: 
Element <li class="nav-item"> is not clickable at point (520,256) because another element <div id="rpLoader"> obscures it
Build info: version: '4.12.0', revision: '249f2a7d1b*'
System info: os.name: 'Windows 10', os.arch: 'amd64', os.version: '10.0', java.version: '19.0.1'
Driver info: org.openqa.selenium.firefox.FirefoxDriver
Command: [eff4bd2d-1e24-4974-a159-07590fabda0f, clickElement {id=2d4e79d3-3401-4cb5-bb31-e9c9104304c0}]
Capabilities {acceptInsecureCerts: true, browserName: firefox, browserVersion: 119.0.1, moz:accessibilityChecks: false, moz:buildID: 20231106151204, moz:debuggerAddress: 127.0.0.1:41421, moz:geckodriverVersion: 0.33.0, moz:headless: false, moz:platformVersion: 10.0, moz:processID: 2852, moz:profile: C:\Users\Sipl\AppData\Local..., moz:shutdownTimeout: 60000, moz:webdriverClick: true, moz:windowless: false, pageLoadStrategy: normal, platformName: windows, proxy: Proxy(), se:cdp: ws://127.0.0.1:41421/devtoo..., se:cdpVersion: 85.0, setWindowRect: true, strictFileInteractability: false, timeouts: {implicit: 0, pageLoad: 300000, script: 30000}, unhandledPromptBehavior: dismiss and notify}
Element: [[FirefoxDriver: firefox on windows (eff4bd2d-1e24-4974-a159-07590fabda0f)] -> css selector: .nav-tabs li:nth-child(2)]
Session ID: eff4bd2d-1e24-4974-a159-07590fabda0f
	at Softude.Hyperlocology.Tests.EditBrandPageTest.attachCollateral(EditBrandPageTest.java:29)
]]></failure>
  </testcase>
  <testcase name="editBasicInformation" classname="Softude.Hyperlocology.Tests.EditBrandPageTest" time="16.601"/>
  <testcase name="addLocation" classname="Softude.Hyperlocology.Tests.LocationPageTest" time="17.98">
    <failure message="Element &lt;a class=&quot;nav-link&quot; href=&quot;/brand/participant-mass-upload/49&quot;&gt; is not clickable at point (650,182) because another element &lt;div id=&quot;rpLoader&quot;&gt; obscures it&#10;Build info: version: &apos;4.12.0&apos;, revision: &apos;249f2a7d1b*&apos;&#10;System info: os.name: &apos;Windows 10&apos;, os.arch: &apos;amd64&apos;, os.version: &apos;10.0&apos;, java.version: &apos;19.0.1&apos;&#10;Driver info: org.openqa.selenium.firefox.FirefoxDriver&#10;Command: [a38106e7-562a-45cf-bcf4-dcb2a3dd2a70, clickElement {id=feaa585a-7003-4ed9-8f45-3a99d093baf0}]&#10;Capabilities {acceptInsecureCerts: true, browserName: firefox, browserVersion: 119.0.1, moz:accessibilityChecks: false, moz:buildID: 20231106151204, moz:debuggerAddress: 127.0.0.1:7422, moz:geckodriverVersion: 0.33.0, moz:headless: false, moz:platformVersion: 10.0, moz:processID: 11864, moz:profile: C:\Users\Sipl\AppData\Local..., moz:shutdownTimeout: 60000, moz:webdriverClick: true, moz:windowless: false, pageLoadStrategy: normal, platformName: windows, proxy: Proxy(), se:cdp: ws://127.0.0.1:7422/devtool..., se:cdpVersion: 85.0, setWindowRect: true, strictFileInteractability: false, timeouts: {implicit: 0, pageLoad: 300000, script: 30000}, unhandledPromptBehavior: dismiss and notify}&#10;Element: [[FirefoxDriver: firefox on windows (a38106e7-562a-45cf-bcf4-dcb2a3dd2a70)] -&gt; css selector: a[href*=&apos;participant-mass-upload&apos;]]&#10;Session ID: a38106e7-562a-45cf-bcf4-dcb2a3dd2a70" type="org.openqa.selenium.ElementClickInterceptedException"><![CDATA[org.openqa.selenium.ElementClickInterceptedException: 
Element <a class="nav-link" href="/brand/participant-mass-upload/49"> is not clickable at point (650,182) because another element <div id="rpLoader"> obscures it
Build info: version: '4.12.0', revision: '249f2a7d1b*'
System info: os.name: 'Windows 10', os.arch: 'amd64', os.version: '10.0', java.version: '19.0.1'
Driver info: org.openqa.selenium.firefox.FirefoxDriver
Command: [a38106e7-562a-45cf-bcf4-dcb2a3dd2a70, clickElement {id=feaa585a-7003-4ed9-8f45-3a99d093baf0}]
Capabilities {acceptInsecureCerts: true, browserName: firefox, browserVersion: 119.0.1, moz:accessibilityChecks: false, moz:buildID: 20231106151204, moz:debuggerAddress: 127.0.0.1:7422, moz:geckodriverVersion: 0.33.0, moz:headless: false, moz:platformVersion: 10.0, moz:processID: 11864, moz:profile: C:\Users\Sipl\AppData\Local..., moz:shutdownTimeout: 60000, moz:webdriverClick: true, moz:windowless: false, pageLoadStrategy: normal, platformName: windows, proxy: Proxy(), se:cdp: ws://127.0.0.1:7422/devtool..., se:cdpVersion: 85.0, setWindowRect: true, strictFileInteractability: false, timeouts: {implicit: 0, pageLoad: 300000, script: 30000}, unhandledPromptBehavior: dismiss and notify}
Element: [[FirefoxDriver: firefox on windows (a38106e7-562a-45cf-bcf4-dcb2a3dd2a70)] -> css selector: a[href*='participant-mass-upload']]
Session ID: a38106e7-562a-45cf-bcf4-dcb2a3dd2a70
	at Softude.Hyperlocology.Tests.LocationPageTest.addLocation(LocationPageTest.java:21)
]]></failure>
  </testcase>
  <testcase name="forgotpasswordValidation" classname="Softude.Hyperlocology.Tests.LoginPageTest" time="6.358">
    <failure message="expected [Entered email id is incorrect, try again.] but found [wrong Email id]" type="java.lang.AssertionError">java.lang.AssertionError: expected [Entered email id is incorrect, try again.] but found [wrong Email id]
	at Softude.Hyperlocology.Tests.LoginPageTest.forgotpasswordValidation(LoginPageTest.java:31)
</failure>
  </testcase>
  <testcase name="loginWithIncorrectPassword" classname="Softude.Hyperlocology.Tests.LoginPageTest" time="0">
    <skipped message="expected [wrong passwrod please enter correct password] but found [Wrong email or password, please try again.]"/>
  </testcase>
  <testcase name="loginWithIncorrectPassword" classname="Softude.Hyperlocology.Tests.LoginPageTest" time="2.141">
    <failure message="expected [wrong passwrod please enter correct password] but found [Wrong email or password, please try again.]" type="java.lang.AssertionError">java.lang.AssertionError: expected [wrong passwrod please enter correct password] but found [Wrong email or password, please try again.]
	at Softude.Hyperlocology.Tests.LoginPageTest.loginWithIncorrectPassword(LoginPageTest.java:26)
</failure>
  </testcase>
  <testcase name="loginWithValidCredentials" classname="Softude.Hyperlocology.Tests.LoginPageTest" time="5.854"/>
  <testcase name="loginwithIncorrectEmail" classname="Softude.Hyperlocology.Tests.LoginPageTest" time="1.969"/>
  <testcase name="logoutValidation" classname="Softude.Hyperlocology.Tests.LoginPageTest" time="7.812"/>
  <testcase name="setupPage" classname="Softude.Hyperlocology.Tests.PageSetupPageTest" time="14.522">
    <failure message="Element &lt;li class=&quot;nav-item&quot;&gt; is not clickable at point (520,256) because another element &lt;div id=&quot;rpLoader&quot;&gt; obscures it&#10;Build info: version: &apos;4.12.0&apos;, revision: &apos;249f2a7d1b*&apos;&#10;System info: os.name: &apos;Windows 10&apos;, os.arch: &apos;amd64&apos;, os.version: &apos;10.0&apos;, java.version: &apos;19.0.1&apos;&#10;Driver info: org.openqa.selenium.firefox.FirefoxDriver&#10;Command: [6e985ca2-09fb-490e-989c-948878f0f151, clickElement {id=537e4b1e-dcbf-4321-990b-820907a5b22f}]&#10;Capabilities {acceptInsecureCerts: true, browserName: firefox, browserVersion: 119.0.1, moz:accessibilityChecks: false, moz:buildID: 20231106151204, moz:debuggerAddress: 127.0.0.1:20304, moz:geckodriverVersion: 0.33.0, moz:headless: false, moz:platformVersion: 10.0, moz:processID: 15180, moz:profile: C:\Users\Sipl\AppData\Local..., moz:shutdownTimeout: 60000, moz:webdriverClick: true, moz:windowless: false, pageLoadStrategy: normal, platformName: windows, proxy: Proxy(), se:cdp: ws://127.0.0.1:20304/devtoo..., se:cdpVersion: 85.0, setWindowRect: true, strictFileInteractability: false, timeouts: {implicit: 0, pageLoad: 300000, script: 30000}, unhandledPromptBehavior: dismiss and notify}&#10;Element: [[FirefoxDriver: firefox on windows (6e985ca2-09fb-490e-989c-948878f0f151)] -&gt; css selector: .nav-tabs li:nth-child(2)]&#10;Session ID: 6e985ca2-09fb-490e-989c-948878f0f151" type="org.openqa.selenium.ElementClickInterceptedException"><![CDATA[org.openqa.selenium.ElementClickInterceptedException: 
Element <li class="nav-item"> is not clickable at point (520,256) because another element <div id="rpLoader"> obscures it
Build info: version: '4.12.0', revision: '249f2a7d1b*'
System info: os.name: 'Windows 10', os.arch: 'amd64', os.version: '10.0', java.version: '19.0.1'
Driver info: org.openqa.selenium.firefox.FirefoxDriver
Command: [6e985ca2-09fb-490e-989c-948878f0f151, clickElement {id=537e4b1e-dcbf-4321-990b-820907a5b22f}]
Capabilities {acceptInsecureCerts: true, browserName: firefox, browserVersion: 119.0.1, moz:accessibilityChecks: false, moz:buildID: 20231106151204, moz:debuggerAddress: 127.0.0.1:20304, moz:geckodriverVersion: 0.33.0, moz:headless: false, moz:platformVersion: 10.0, moz:processID: 15180, moz:profile: C:\Users\Sipl\AppData\Local..., moz:shutdownTimeout: 60000, moz:webdriverClick: true, moz:windowless: false, pageLoadStrategy: normal, platformName: windows, proxy: Proxy(), se:cdp: ws://127.0.0.1:20304/devtoo..., se:cdpVersion: 85.0, setWindowRect: true, strictFileInteractability: false, timeouts: {implicit: 0, pageLoad: 300000, script: 30000}, unhandledPromptBehavior: dismiss and notify}
Element: [[FirefoxDriver: firefox on windows (6e985ca2-09fb-490e-989c-948878f0f151)] -> css selector: .nav-tabs li:nth-child(2)]
Session ID: 6e985ca2-09fb-490e-989c-948878f0f151
	at Softude.Hyperlocology.Tests.PageSetupPageTest.setupPage(PageSetupPageTest.java:24)
]]></failure>
  </testcase>
  <testcase name="setupPage" classname="Softude.Hyperlocology.Tests.PageSetupPageTest" time="5.497">
    <failure message="Element &lt;a id=&quot;brandLink&quot; class=&quot;nav-link&quot; href=&quot;/brands&quot;&gt; is not clickable at point (106,192) because another element &lt;div id=&quot;rpLoader&quot;&gt; obscures it&#10;Build info: version: &apos;4.12.0&apos;, revision: &apos;249f2a7d1b*&apos;&#10;System info: os.name: &apos;Windows 10&apos;, os.arch: &apos;amd64&apos;, os.version: &apos;10.0&apos;, java.version: &apos;19.0.1&apos;&#10;Driver info: org.openqa.selenium.firefox.FirefoxDriver&#10;Command: [d5f033bf-cb73-4ebe-ab88-fbaa12b6b504, clickElement {id=25c05161-0f56-4794-a212-1b07d3edaf84}]&#10;Capabilities {acceptInsecureCerts: true, browserName: firefox, browserVersion: 119.0.1, moz:accessibilityChecks: false, moz:buildID: 20231106151204, moz:debuggerAddress: 127.0.0.1:21319, moz:geckodriverVersion: 0.33.0, moz:headless: false, moz:platformVersion: 10.0, moz:processID: 21832, moz:profile: C:\Users\Sipl\AppData\Local..., moz:shutdownTimeout: 60000, moz:webdriverClick: true, moz:windowless: false, pageLoadStrategy: normal, platformName: windows, proxy: Proxy(), se:cdp: ws://127.0.0.1:21319/devtoo..., se:cdpVersion: 85.0, setWindowRect: true, strictFileInteractability: false, timeouts: {implicit: 0, pageLoad: 300000, script: 30000}, unhandledPromptBehavior: dismiss and notify}&#10;Element: [[FirefoxDriver: firefox on windows (d5f033bf-cb73-4ebe-ab88-fbaa12b6b504)] -&gt; id: brandLink]&#10;Session ID: d5f033bf-cb73-4ebe-ab88-fbaa12b6b504" type="org.openqa.selenium.ElementClickInterceptedException"><![CDATA[org.openqa.selenium.ElementClickInterceptedException: 
Element <a id="brandLink" class="nav-link" href="/brands"> is not clickable at point (106,192) because another element <div id="rpLoader"> obscures it
Build info: version: '4.12.0', revision: '249f2a7d1b*'
System info: os.name: 'Windows 10', os.arch: 'amd64', os.version: '10.0', java.version: '19.0.1'
Driver info: org.openqa.selenium.firefox.FirefoxDriver
Command: [d5f033bf-cb73-4ebe-ab88-fbaa12b6b504, clickElement {id=25c05161-0f56-4794-a212-1b07d3edaf84}]
Capabilities {acceptInsecureCerts: true, browserName: firefox, browserVersion: 119.0.1, moz:accessibilityChecks: false, moz:buildID: 20231106151204, moz:debuggerAddress: 127.0.0.1:21319, moz:geckodriverVersion: 0.33.0, moz:headless: false, moz:platformVersion: 10.0, moz:processID: 21832, moz:profile: C:\Users\Sipl\AppData\Local..., moz:shutdownTimeout: 60000, moz:webdriverClick: true, moz:windowless: false, pageLoadStrategy: normal, platformName: windows, proxy: Proxy(), se:cdp: ws://127.0.0.1:21319/devtoo..., se:cdpVersion: 85.0, setWindowRect: true, strictFileInteractability: false, timeouts: {implicit: 0, pageLoad: 300000, script: 30000}, unhandledPromptBehavior: dismiss and notify}
Element: [[FirefoxDriver: firefox on windows (d5f033bf-cb73-4ebe-ab88-fbaa12b6b504)] -> id: brandLink]
Session ID: d5f033bf-cb73-4ebe-ab88-fbaa12b6b504
	at Softude.Hyperlocology.Tests.PageSetupPageTest.setupPage(PageSetupPageTest.java:22)
]]></failure>
  </testcase>
  <testcase name="addParentCompany" classname="Softude.Hyperlocology.Tests.ParentCompaniesTest" time="8.816">
    <failure message="Element &lt;a class=&quot;btn btn-primary px-3&quot; href=&quot;company/add&quot;&gt; is not clickable at point (1503,116) because another element &lt;div id=&quot;rpLoader&quot;&gt; obscures it&#10;Build info: version: &apos;4.12.0&apos;, revision: &apos;249f2a7d1b*&apos;&#10;System info: os.name: &apos;Windows 10&apos;, os.arch: &apos;amd64&apos;, os.version: &apos;10.0&apos;, java.version: &apos;19.0.1&apos;&#10;Driver info: org.openqa.selenium.firefox.FirefoxDriver&#10;Command: [35fb9f93-204e-47b3-b30c-0bba6a55c87f, clickElement {id=a17adaad-876b-46b9-9acf-28207d7ce613}]&#10;Capabilities {acceptInsecureCerts: true, browserName: firefox, browserVersion: 119.0.1, moz:accessibilityChecks: false, moz:buildID: 20231106151204, moz:debuggerAddress: 127.0.0.1:16033, moz:geckodriverVersion: 0.33.0, moz:headless: false, moz:platformVersion: 10.0, moz:processID: 19028, moz:profile: C:\Users\Sipl\AppData\Local..., moz:shutdownTimeout: 60000, moz:webdriverClick: true, moz:windowless: false, pageLoadStrategy: normal, platformName: windows, proxy: Proxy(), se:cdp: ws://127.0.0.1:16033/devtoo..., se:cdpVersion: 85.0, setWindowRect: true, strictFileInteractability: false, timeouts: {implicit: 0, pageLoad: 300000, script: 30000}, unhandledPromptBehavior: dismiss and notify}&#10;Element: [[FirefoxDriver: firefox on windows (35fb9f93-204e-47b3-b30c-0bba6a55c87f)] -&gt; css selector: a[href=&apos;company/add&apos;]]&#10;Session ID: 35fb9f93-204e-47b3-b30c-0bba6a55c87f" type="org.openqa.selenium.ElementClickInterceptedException"><![CDATA[org.openqa.selenium.ElementClickInterceptedException: 
Element <a class="btn btn-primary px-3" href="company/add"> is not clickable at point (1503,116) because another element <div id="rpLoader"> obscures it
Build info: version: '4.12.0', revision: '249f2a7d1b*'
System info: os.name: 'Windows 10', os.arch: 'amd64', os.version: '10.0', java.version: '19.0.1'
Driver info: org.openqa.selenium.firefox.FirefoxDriver
Command: [35fb9f93-204e-47b3-b30c-0bba6a55c87f, clickElement {id=a17adaad-876b-46b9-9acf-28207d7ce613}]
Capabilities {acceptInsecureCerts: true, browserName: firefox, browserVersion: 119.0.1, moz:accessibilityChecks: false, moz:buildID: 20231106151204, moz:debuggerAddress: 127.0.0.1:16033, moz:geckodriverVersion: 0.33.0, moz:headless: false, moz:platformVersion: 10.0, moz:processID: 19028, moz:profile: C:\Users\Sipl\AppData\Local..., moz:shutdownTimeout: 60000, moz:webdriverClick: true, moz:windowless: false, pageLoadStrategy: normal, platformName: windows, proxy: Proxy(), se:cdp: ws://127.0.0.1:16033/devtoo..., se:cdpVersion: 85.0, setWindowRect: true, strictFileInteractability: false, timeouts: {implicit: 0, pageLoad: 300000, script: 30000}, unhandledPromptBehavior: dismiss and notify}
Element: [[FirefoxDriver: firefox on windows (35fb9f93-204e-47b3-b30c-0bba6a55c87f)] -> css selector: a[href='company/add']]
Session ID: 35fb9f93-204e-47b3-b30c-0bba6a55c87f
	at Softude.Hyperlocology.Tests.ParentCompaniesTest.addParentCompany(ParentCompaniesTest.java:13)
]]></failure>
  </testcase>
  <testcase name="wrongEmailErrorValidation" classname="Softude.Hyperlocology.Tests.ParentCompaniesTest" time="7.419">
    <failure message="Element &lt;a class=&quot;btn btn-primary px-3&quot; href=&quot;company/add&quot;&gt; is not clickable at point (1520,116) because another element &lt;div id=&quot;rpLoader&quot;&gt; obscures it&#10;Build info: version: &apos;4.12.0&apos;, revision: &apos;249f2a7d1b*&apos;&#10;System info: os.name: &apos;Windows 10&apos;, os.arch: &apos;amd64&apos;, os.version: &apos;10.0&apos;, java.version: &apos;19.0.1&apos;&#10;Driver info: org.openqa.selenium.firefox.FirefoxDriver&#10;Command: [310ba309-7fd3-4000-8da8-43479a1fef44, clickElement {id=1301bbe1-b939-43fd-b251-0e50c9018cb6}]&#10;Capabilities {acceptInsecureCerts: true, browserName: firefox, browserVersion: 119.0.1, moz:accessibilityChecks: false, moz:buildID: 20231106151204, moz:debuggerAddress: 127.0.0.1:35832, moz:geckodriverVersion: 0.33.0, moz:headless: false, moz:platformVersion: 10.0, moz:processID: 20988, moz:profile: C:\Users\Sipl\AppData\Local..., moz:shutdownTimeout: 60000, moz:webdriverClick: true, moz:windowless: false, pageLoadStrategy: normal, platformName: windows, proxy: Proxy(), se:cdp: ws://127.0.0.1:35832/devtoo..., se:cdpVersion: 85.0, setWindowRect: true, strictFileInteractability: false, timeouts: {implicit: 0, pageLoad: 300000, script: 30000}, unhandledPromptBehavior: dismiss and notify}&#10;Element: [[FirefoxDriver: firefox on windows (310ba309-7fd3-4000-8da8-43479a1fef44)] -&gt; css selector: a[href=&apos;company/add&apos;]]&#10;Session ID: 310ba309-7fd3-4000-8da8-43479a1fef44" type="org.openqa.selenium.ElementClickInterceptedException"><![CDATA[org.openqa.selenium.ElementClickInterceptedException: 
Element <a class="btn btn-primary px-3" href="company/add"> is not clickable at point (1520,116) because another element <div id="rpLoader"> obscures it
Build info: version: '4.12.0', revision: '249f2a7d1b*'
System info: os.name: 'Windows 10', os.arch: 'amd64', os.version: '10.0', java.version: '19.0.1'
Driver info: org.openqa.selenium.firefox.FirefoxDriver
Command: [310ba309-7fd3-4000-8da8-43479a1fef44, clickElement {id=1301bbe1-b939-43fd-b251-0e50c9018cb6}]
Capabilities {acceptInsecureCerts: true, browserName: firefox, browserVersion: 119.0.1, moz:accessibilityChecks: false, moz:buildID: 20231106151204, moz:debuggerAddress: 127.0.0.1:35832, moz:geckodriverVersion: 0.33.0, moz:headless: false, moz:platformVersion: 10.0, moz:processID: 20988, moz:profile: C:\Users\Sipl\AppData\Local..., moz:shutdownTimeout: 60000, moz:webdriverClick: true, moz:windowless: false, pageLoadStrategy: normal, platformName: windows, proxy: Proxy(), se:cdp: ws://127.0.0.1:35832/devtoo..., se:cdpVersion: 85.0, setWindowRect: true, strictFileInteractability: false, timeouts: {implicit: 0, pageLoad: 300000, script: 30000}, unhandledPromptBehavior: dismiss and notify}
Element: [[FirefoxDriver: firefox on windows (310ba309-7fd3-4000-8da8-43479a1fef44)] -> css selector: a[href='company/add']]
Session ID: 310ba309-7fd3-4000-8da8-43479a1fef44
	at Softude.Hyperlocology.Tests.ParentCompaniesTest.wrongEmailErrorValidation(ParentCompaniesTest.java:21)
]]></failure>
  </testcase>
  <testcase name="addSubscription" classname="Softude.Hyperlocology.Tests.SubscriptionPageTest" time="15.316">
    <failure message="Element &lt;li class=&quot;nav-item&quot;&gt; is not clickable at point (520,256) because another element &lt;div id=&quot;rpLoader&quot;&gt; obscures it&#10;Build info: version: &apos;4.12.0&apos;, revision: &apos;249f2a7d1b*&apos;&#10;System info: os.name: &apos;Windows 10&apos;, os.arch: &apos;amd64&apos;, os.version: &apos;10.0&apos;, java.version: &apos;19.0.1&apos;&#10;Driver info: org.openqa.selenium.firefox.FirefoxDriver&#10;Command: [b0a21ed7-e46e-494b-a1af-baa39dbaee34, clickElement {id=fa7d2b16-ee97-4299-855b-54ad1bf4786e}]&#10;Capabilities {acceptInsecureCerts: true, browserName: firefox, browserVersion: 119.0.1, moz:accessibilityChecks: false, moz:buildID: 20231106151204, moz:debuggerAddress: 127.0.0.1:22988, moz:geckodriverVersion: 0.33.0, moz:headless: false, moz:platformVersion: 10.0, moz:processID: 22264, moz:profile: C:\Users\Sipl\AppData\Local..., moz:shutdownTimeout: 60000, moz:webdriverClick: true, moz:windowless: false, pageLoadStrategy: normal, platformName: windows, proxy: Proxy(), se:cdp: ws://127.0.0.1:22988/devtoo..., se:cdpVersion: 85.0, setWindowRect: true, strictFileInteractability: false, timeouts: {implicit: 0, pageLoad: 300000, script: 30000}, unhandledPromptBehavior: dismiss and notify}&#10;Element: [[FirefoxDriver: firefox on windows (b0a21ed7-e46e-494b-a1af-baa39dbaee34)] -&gt; css selector: .nav-tabs li:nth-child(2)]&#10;Session ID: b0a21ed7-e46e-494b-a1af-baa39dbaee34" type="org.openqa.selenium.ElementClickInterceptedException"><![CDATA[org.openqa.selenium.ElementClickInterceptedException: 
Element <li class="nav-item"> is not clickable at point (520,256) because another element <div id="rpLoader"> obscures it
Build info: version: '4.12.0', revision: '249f2a7d1b*'
System info: os.name: 'Windows 10', os.arch: 'amd64', os.version: '10.0', java.version: '19.0.1'
Driver info: org.openqa.selenium.firefox.FirefoxDriver
Command: [b0a21ed7-e46e-494b-a1af-baa39dbaee34, clickElement {id=fa7d2b16-ee97-4299-855b-54ad1bf4786e}]
Capabilities {acceptInsecureCerts: true, browserName: firefox, browserVersion: 119.0.1, moz:accessibilityChecks: false, moz:buildID: 20231106151204, moz:debuggerAddress: 127.0.0.1:22988, moz:geckodriverVersion: 0.33.0, moz:headless: false, moz:platformVersion: 10.0, moz:processID: 22264, moz:profile: C:\Users\Sipl\AppData\Local..., moz:shutdownTimeout: 60000, moz:webdriverClick: true, moz:windowless: false, pageLoadStrategy: normal, platformName: windows, proxy: Proxy(), se:cdp: ws://127.0.0.1:22988/devtoo..., se:cdpVersion: 85.0, setWindowRect: true, strictFileInteractability: false, timeouts: {implicit: 0, pageLoad: 300000, script: 30000}, unhandledPromptBehavior: dismiss and notify}
Element: [[FirefoxDriver: firefox on windows (b0a21ed7-e46e-494b-a1af-baa39dbaee34)] -> css selector: .nav-tabs li:nth-child(2)]
Session ID: b0a21ed7-e46e-494b-a1af-baa39dbaee34
	at Softude.Hyperlocology.Tests.SubscriptionPageTest.addSubscription(SubscriptionPageTest.java:21)
]]></failure>
  </testcase>
</testsuite>