<?xml version="1.0" encoding="UTF-8"?>
<testng-results ignored="0" total="1" passed="1" failed="0" skipped="0">
  <reporter-output>
  </reporter-output>
  <suite started-at="2023-10-09T08:36:53 IST" name="Default suite" finished-at="2023-10-09T08:37:08 IST" duration-ms="14905">
    <groups>
    </groups>
    <test started-at="2023-10-09T08:36:53 IST" name="Default test" finished-at="2023-10-09T08:37:08 IST" duration-ms="14905">
      <class name="Softude.Hyperlocology.Tests.ParentCompanies">
        <test-method is-config="true" signature="lauchApplication()[pri:0, instance:Softude.Hyperlocology.Tests.ParentCompanies@4f80542f]" started-at="2023-10-09T08:36:53 IST" name="lauchApplication" finished-at="2023-10-09T08:36:59 IST" duration-ms="5728" status="PASS">
          <reporter-output>
          </reporter-output>
        </test-method> <!-- lauchApplication -->
        <test-method signature="addParentCompany()[pri:0, instance:Softude.Hyperlocology.Tests.ParentCompanies@4f80542f]" started-at="2023-10-09T08:36:59 IST" name="addParentCompany" finished-at="2023-10-09T08:37:08 IST" duration-ms="8990" status="PASS">
          <reporter-output>
          </reporter-output>
        </test-method> <!-- addParentCompany -->
        <test-method is-config="true" signature="tearDown()[pri:0, instance:Softude.Hyperlocology.Tests.ParentCompanies@4f80542f]" started-at="2023-10-09T08:37:08 IST" name="tearDown" finished-at="2023-10-09T08:37:08 IST" duration-ms="124" status="PASS">
          <reporter-output>
          </reporter-output>
        </test-method> <!-- tearDown -->
      </class> <!-- Softude.Hyperlocology.Tests.ParentCompanies -->
    </test> <!-- Default test -->
  </suite> <!-- Default suite -->
</testng-results>
