<?xml version="1.0" encoding="UTF-8"?>
<!-- Generated by org.testng.reporters.JUnitXMLReporter -->
<testsuite ignored="0" hostname="SIPl-DT-PS" failures="2" tests="6" name="Test" time="51.403" errors="0" timestamp="2023-11-23T17:07:19 IST">
  <testcase classname="Softude.Hyperlocology.Tests.LoginPageTest" name="forgotpasswordValidation" time="3.397">
    <failure type="java.lang.AssertionError" message="expected [Entered email id is incorrect, try again.] but found [wrong Email id]">
      <![CDATA[java.lang.AssertionError: expected [Entered email id is incorrect, try again.] but found [wrong Email id]
at Softude.Hyperlocology.Tests.LoginPageTest.forgotpasswordValidation(LoginPageTest.java:31)
at java.base/java.util.ArrayList.forEach(ArrayList.java:1511)
... Removed 35 stack frames]]>
    </failure>
  </testcase> <!-- forgotpasswordValidation -->
  <testcase classname="Softude.Hyperlocology.Tests.LoginPageTest" name="loginWithIncorrectPassword" time="1.949">
    <skipped/>
  </testcase> <!-- loginWithIncorrectPassword -->
  <testcase classname="Softude.Hyperlocology.Tests.LoginPageTest" name="loginWithIncorrectPassword" time="1.968">
    <failure type="java.lang.AssertionError" message="expected [wrong passwrod please enter correct password] but found [Wrong email or password, please try again.]">
      <![CDATA[java.lang.AssertionError: expected [wrong passwrod please enter correct password] but found [Wrong email or password, please try again.]
at Softude.Hyperlocology.Tests.LoginPageTest.loginWithIncorrectPassword(LoginPageTest.java:26)
at java.base/java.util.ArrayList.forEach(ArrayList.java:1511)
... Removed 35 stack frames]]>
    </failure>
  </testcase> <!-- loginWithIncorrectPassword -->
  <testcase classname="Softude.Hyperlocology.Tests.LoginPageTest" name="loginWithValidCredentials" time="6.438"/>
  <testcase classname="Softude.Hyperlocology.Tests.LoginPageTest" name="loginwithIncorrectEmail" time="1.882"/>
  <testcase classname="Softude.Hyperlocology.Tests.LoginPageTest" name="logoutValidation" time="7.615"/>
</testsuite> <!-- Test -->
